2022-12-15 03:44:45.635679: I tensorflow/stream_executor/platform/default/dso_loader.cc:49] Successfully opened dynamic library libcudart.so.10.1
2022-12-15 03:45:08.698692: I tensorflow/compiler/jit/xla_cpu_device.cc:41] Not creating XLA devices, tf_xla_enable_xla_devices not set
2022-12-15 03:45:08.726164: I tensorflow/stream_executor/platform/default/dso_loader.cc:49] Successfully opened dynamic library libcuda.so.1
2022-12-15 03:45:08.886947: I tensorflow/core/common_runtime/gpu/gpu_device.cc:1720] Found device 0 with properties: 
pciBusID: 0000:8b:00.0 name: Tesla T4 computeCapability: 7.5
coreClock: 1.59GHz coreCount: 40 deviceMemorySize: 14.56GiB deviceMemoryBandwidth: 298.08GiB/s
2022-12-15 03:45:08.887012: I tensorflow/stream_executor/platform/default/dso_loader.cc:49] Successfully opened dynamic library libcudart.so.10.1
2022-12-15 03:45:09.047741: I tensorflow/stream_executor/platform/default/dso_loader.cc:49] Successfully opened dynamic library libcublas.so.10
2022-12-15 03:45:09.047885: I tensorflow/stream_executor/platform/default/dso_loader.cc:49] Successfully opened dynamic library libcublasLt.so.10
2022-12-15 03:45:09.476948: I tensorflow/stream_executor/platform/default/dso_loader.cc:49] Successfully opened dynamic library libcufft.so.10
2022-12-15 03:45:09.556309: I tensorflow/stream_executor/platform/default/dso_loader.cc:49] Successfully opened dynamic library libcurand.so.10
2022-12-15 03:45:09.842520: I tensorflow/stream_executor/platform/default/dso_loader.cc:49] Successfully opened dynamic library libcusolver.so.10
2022-12-15 03:45:09.968843: I tensorflow/stream_executor/platform/default/dso_loader.cc:49] Successfully opened dynamic library libcusparse.so.10
2022-12-15 03:45:10.293015: I tensorflow/stream_executor/platform/default/dso_loader.cc:49] Successfully opened dynamic library libcudnn.so.7
2022-12-15 03:45:10.299034: I tensorflow/core/common_runtime/gpu/gpu_device.cc:1862] Adding visible gpu devices: 0
2022-12-15 03:45:10.299154: I tensorflow/compiler/jit/xla_cpu_device.cc:41] Not creating XLA devices, tf_xla_enable_xla_devices not set
2022-12-15 03:45:10.490668: I tensorflow/core/platform/cpu_feature_guard.cc:142] This TensorFlow binary is optimized with oneAPI Deep Neural Network Library (oneDNN) to use the following CPU instructions in performance-critical operations:  SSE4.1 SSE4.2 AVX AVX2 AVX512F FMA
To enable them in other operations, rebuild TensorFlow with the appropriate compiler flags.
2022-12-15 03:45:10.493764: I tensorflow/compiler/jit/xla_gpu_device.cc:99] Not creating XLA devices, tf_xla_enable_xla_devices not set
2022-12-15 03:45:10.496810: I tensorflow/core/common_runtime/gpu/gpu_device.cc:1720] Found device 0 with properties: 
pciBusID: 0000:8b:00.0 name: Tesla T4 computeCapability: 7.5
coreClock: 1.59GHz coreCount: 40 deviceMemorySize: 14.56GiB deviceMemoryBandwidth: 298.08GiB/s
2022-12-15 03:45:10.496852: I tensorflow/stream_executor/platform/default/dso_loader.cc:49] Successfully opened dynamic library libcudart.so.10.1
2022-12-15 03:45:10.496897: I tensorflow/stream_executor/platform/default/dso_loader.cc:49] Successfully opened dynamic library libcublas.so.10
2022-12-15 03:45:10.496908: I tensorflow/stream_executor/platform/default/dso_loader.cc:49] Successfully opened dynamic library libcublasLt.so.10
2022-12-15 03:45:10.496919: I tensorflow/stream_executor/platform/default/dso_loader.cc:49] Successfully opened dynamic library libcufft.so.10
2022-12-15 03:45:10.496928: I tensorflow/stream_executor/platform/default/dso_loader.cc:49] Successfully opened dynamic library libcurand.so.10
2022-12-15 03:45:10.496938: I tensorflow/stream_executor/platform/default/dso_loader.cc:49] Successfully opened dynamic library libcusolver.so.10
2022-12-15 03:45:10.496948: I tensorflow/stream_executor/platform/default/dso_loader.cc:49] Successfully opened dynamic library libcusparse.so.10
2022-12-15 03:45:10.496958: I tensorflow/stream_executor/platform/default/dso_loader.cc:49] Successfully opened dynamic library libcudnn.so.7
2022-12-15 03:45:10.502003: I tensorflow/core/common_runtime/gpu/gpu_device.cc:1862] Adding visible gpu devices: 0
2022-12-15 03:45:10.566843: I tensorflow/stream_executor/platform/default/dso_loader.cc:49] Successfully opened dynamic library libcudart.so.10.1
2022-12-15 03:45:23.321119: I tensorflow/core/common_runtime/gpu/gpu_device.cc:1261] Device interconnect StreamExecutor with strength 1 edge matrix:
2022-12-15 03:45:23.321181: I tensorflow/core/common_runtime/gpu/gpu_device.cc:1267]      0 
2022-12-15 03:45:23.321188: I tensorflow/core/common_runtime/gpu/gpu_device.cc:1280] 0:   N 
2022-12-15 03:45:23.332933: I tensorflow/core/common_runtime/gpu/gpu_device.cc:1406] Created TensorFlow device (/job:localhost/replica:0/task:0/device:GPU:0 with 13784 MB memory) -> physical GPU (device: 0, name: Tesla T4, pci bus id: 0000:8b:00.0, compute capability: 7.5)
Model: "model_1"
__________________________________________________________________________________________________
Layer (type)                    Output Shape         Param #     Connected to                     
==================================================================================================
input_1 (InputLayer)            [(None, 128, 128, 3) 0                                            
__________________________________________________________________________________________________
white_normdct (Lambda)          (None, 128, 128, 3)  0           input_1[0][0]                    
__________________________________________________________________________________________________
dct (Lambda)                    (None, 128, 128, 3)  0           white_normdct[0][0]              
__________________________________________________________________________________________________
conv2d (Conv2D)                 (None, 126, 126, 32) 864         dct[0][0]                        
__________________________________________________________________________________________________
batch_normalization (BatchNorma (None, 126, 126, 32) 128         conv2d[0][0]                     
__________________________________________________________________________________________________
activation (Activation)         (None, 126, 126, 32) 0           batch_normalization[0][0]        
__________________________________________________________________________________________________
average_pooling2d (AveragePooli (None, 63, 63, 32)   0           activation[0][0]                 
__________________________________________________________________________________________________
global_average_pooling2d (Globa (None, 32)           0           average_pooling2d[0][0]          
__________________________________________________________________________________________________
dense (Dense)                   (None, 16)           528         global_average_pooling2d[0][0]   
__________________________________________________________________________________________________
dense_1 (Dense)                 (None, 32)           544         dense[0][0]                      
__________________________________________________________________________________________________
multiply (Multiply)             (None, 63, 63, 32)   0           dense_1[0][0]                    
                                                                 average_pooling2d[0][0]          
__________________________________________________________________________________________________
conv2_dct (Conv2D)              (None, 61, 61, 32)   9248        multiply[0][0]                   
__________________________________________________________________________________________________
batch_normalization_1 (BatchNor (None, 61, 61, 32)   128         conv2_dct[0][0]                  
__________________________________________________________________________________________________
activation_1 (Activation)       (None, 61, 61, 32)   0           batch_normalization_1[0][0]      
__________________________________________________________________________________________________
average_pooling2d_1 (AveragePoo (None, 30, 30, 32)   0           activation_1[0][0]               
__________________________________________________________________________________________________
global_average_pooling2d_1 (Glo (None, 32)           0           average_pooling2d_1[0][0]        
__________________________________________________________________________________________________
dense_2 (Dense)                 (None, 16)           528         global_average_pooling2d_1[0][0] 
__________________________________________________________________________________________________
dense_3 (Dense)                 (None, 32)           544         dense_2[0][0]                    
__________________________________________________________________________________________________
multiply_1 (Multiply)           (None, 30, 30, 32)   0           dense_3[0][0]                    
                                                                 average_pooling2d_1[0][0]        
__________________________________________________________________________________________________
conv3_dct (Conv2D)              (None, 28, 28, 32)   9248        multiply_1[0][0]                 
__________________________________________________________________________________________________
batch_normalization_2 (BatchNor (None, 28, 28, 32)   128         conv3_dct[0][0]                  
__________________________________________________________________________________________________
activation_2 (Activation)       (None, 28, 28, 32)   0           batch_normalization_2[0][0]      
__________________________________________________________________________________________________
average_pooling2d_2 (AveragePoo (None, 14, 14, 32)   0           activation_2[0][0]               
__________________________________________________________________________________________________
global_average_pooling2d_2 (Glo (None, 32)           0           average_pooling2d_2[0][0]        
__________________________________________________________________________________________________
dense_4 (Dense)                 (None, 16)           528         global_average_pooling2d_2[0][0] 
__________________________________________________________________________________________________
dense_5 (Dense)                 (None, 32)           544         dense_4[0][0]                    
__________________________________________________________________________________________________
multiply_2 (Multiply)           (None, 14, 14, 32)   0           dense_5[0][0]                    
                                                                 average_pooling2d_2[0][0]        
__________________________________________________________________________________________________
conv4_dct (Conv2D)              (None, 12, 12, 32)   9216        multiply_2[0][0]                 
__________________________________________________________________________________________________
batch_normalization_3 (BatchNor (None, 12, 12, 32)   128         conv4_dct[0][0]                  
__________________________________________________________________________________________________
activation_3 (Activation)       (None, 12, 12, 32)   0           batch_normalization_3[0][0]      
__________________________________________________________________________________________________
global_average_pooling2d_3 (Glo (None, 32)           0           activation_3[0][0]               
__________________________________________________________________________________________________
dense_6 (Dense)                 (None, 16)           528         global_average_pooling2d_3[0][0] 
__________________________________________________________________________________________________
dense_7 (Dense)                 (None, 32)           544         dense_6[0][0]                    
__________________________________________________________________________________________________
multiply_3 (Multiply)           (None, 12, 12, 32)   0           dense_7[0][0]                    
                                                                 activation_3[0][0]               
__________________________________________________________________________________________________
conv5_dct (Conv2D)              (None, 12, 12, 32)   1056        multiply_3[0][0]                 
__________________________________________________________________________________________________
global_average_pooling2d_4 (Glo (None, 32)           0           conv5_dct[0][0]                  
__________________________________________________________________________________________________
dense_8 (Dense)                 (None, 16)           528         global_average_pooling2d_4[0][0] 
__________________________________________________________________________________________________
dense_9 (Dense)                 (None, 32)           544         dense_8[0][0]                    
WARNING:tensorflow:`period` argument is deprecated. Please use `save_freq` to specify the frequency in number of batches seen.
2022-12-15 03:46:08.314016: I tensorflow/compiler/mlir/mlir_graph_optimization_pass.cc:116] None of the MLIR optimization passes are enabled (registered 2)
2022-12-15 03:46:08.363753: I tensorflow/core/platform/profile_utils/cpu_utils.cc:112] CPU Frequency: 1995310000 Hz
2022-12-15 03:46:11.922325: I tensorflow/stream_executor/platform/default/dso_loader.cc:49] Successfully opened dynamic library libcublas.so.10
2022-12-15 03:46:15.964502: I tensorflow/stream_executor/platform/default/dso_loader.cc:49] Successfully opened dynamic library libcufft.so.10
2022-12-15 03:46:18.979033: I tensorflow/stream_executor/platform/default/dso_loader.cc:49] Successfully opened dynamic library libcudnn.so.7
2022-12-15 03:46:34.036873: W tensorflow/stream_executor/gpu/asm_compiler.cc:63] Running ptxas --version returned 256
2022-12-15 03:46:34.265556: W tensorflow/stream_executor/gpu/redzone_allocator.cc:314] Internal: ptxas exited with non-zero error code 256, output: 
Relying on driver to perform ptx compilation. 
Modify $PATH to customize ptxas location.
This message will be only logged once.
__________________________________________________________________________________________________
multiply_4 (Multiply)           (None, 12, 12, 32)   0           dense_9[0][0]                    
                                                                 conv5_dct[0][0]                  
__________________________________________________________________________________________________
flatten (Flatten)               (None, 4608)         0           multiply_4[0][0]                 
__________________________________________________________________________________________________
dropout (Dropout)               (None, 4608)         0           flatten[0][0]                    
__________________________________________________________________________________________________
dense_10 (Dense)                (None, 32)           147488      dropout[0][0]                    
__________________________________________________________________________________________________
dense_11 (Dense)                (None, 1)            33          dense_10[0][0]                   
==================================================================================================
Total params: 183,025
Trainable params: 182,769
Non-trainable params: 256
__________________________________________________________________________________________________
None
                                                    file spoof
0      /mnt/data/lossless_val_04102022_crops/1/chrome...     1
1      /mnt/data/lossless_val_04102022_crops/1/2d7db3...     1
2      /mnt/data/lossless_val_04102022_crops/1/chroma...     1
3      /mnt/data/lossless_val_04102022_crops/0/c86649...     0
4      /mnt/data/lossless_val_04102022_crops/1/chrome...     1
...                                                  ...   ...
40073  /mnt/data/lossless_val_04102022_crops/1/chrome...     1
40074  /mnt/data/lossless_val_04102022_crops/0/5c2b86...     0
40075  /mnt/data/lossless_val_04102022_crops/0/5c79a2...     0
40076  /mnt/data/lossless_val_04102022_crops/1/firefo...     1
40077  /mnt/data/lossless_val_04102022_crops/1/63559a...     1

[40078 rows x 2 columns]
train_cls_n =  [2785410, 2859310] 2
test_cls_n =  [19998, 20080] 2
Found 5644720 validated image filenames belonging to 2 classes.
Found 40078 validated image filenames belonging to 2 classes.
Epoch 11/30
4031/4031 - 4180s - loss: 0.0732 - accuracy: 0.9709 - val_loss: 0.1484 - val_accuracy: 0.9442

Epoch 00011: saving model to /home/yandex/igor/julia/dct_bigger_batch_mixed_float16/wn/c3ae-128-epoch:011-val_loss:0.1484-val_accuracy:0.9442.h5
Epoch 12/30
4031/4031 - 4096s - loss: 0.0721 - accuracy: 0.9715 - val_loss: 0.1305 - val_accuracy: 0.9510

Epoch 00012: saving model to /home/yandex/igor/julia/dct_bigger_batch_mixed_float16/wn/c3ae-128-epoch:012-val_loss:0.1305-val_accuracy:0.9510.h5
Epoch 13/30
4031/4031 - 4091s - loss: 0.0713 - accuracy: 0.9718 - val_loss: 0.1141 - val_accuracy: 0.9539

Epoch 00013: saving model to /home/yandex/igor/julia/dct_bigger_batch_mixed_float16/wn/c3ae-128-epoch:013-val_loss:0.1141-val_accuracy:0.9539.h5
Epoch 14/30
4031/4031 - 4081s - loss: 0.0706 - accuracy: 0.9722 - val_loss: 0.1287 - val_accuracy: 0.9492

Epoch 00014: ReduceLROnPlateau reducing learning rate to 0.0009000000427477062.

Epoch 00014: saving model to /home/yandex/igor/julia/dct_bigger_batch_mixed_float16/wn/c3ae-128-epoch:014-val_loss:0.1287-val_accuracy:0.9492.h5
Epoch 15/30
4031/4031 - 4089s - loss: 0.0691 - accuracy: 0.9727 - val_loss: 0.1416 - val_accuracy: 0.9440

Epoch 00015: ReduceLROnPlateau reducing learning rate to 0.0008100000384729356.

Epoch 00015: saving model to /home/yandex/igor/julia/dct_bigger_batch_mixed_float16/wn/c3ae-128-epoch:015-val_loss:0.1416-val_accuracy:0.9440.h5
Epoch 16/30
4031/4031 - 4088s - loss: 0.0679 - accuracy: 0.9732 - val_loss: 0.1473 - val_accuracy: 0.9424

Epoch 00016: ReduceLROnPlateau reducing learning rate to 0.0007290000503417104.

Epoch 00016: saving model to /home/yandex/igor/julia/dct_bigger_batch_mixed_float16/wn/c3ae-128-epoch:016-val_loss:0.1473-val_accuracy:0.9424.h5
Epoch 17/30
4031/4031 - 4086s - loss: 0.0668 - accuracy: 0.9736 - val_loss: 0.1277 - val_accuracy: 0.9526
