2022-12-16 03:54:54.831200: I tensorflow/stream_executor/platform/default/dso_loader.cc:49] Successfully opened dynamic library libcudart.so.10.1
2022-12-16 03:55:19.702560: I tensorflow/compiler/jit/xla_cpu_device.cc:41] Not creating XLA devices, tf_xla_enable_xla_devices not set
2022-12-16 03:55:19.705083: I tensorflow/stream_executor/platform/default/dso_loader.cc:49] Successfully opened dynamic library libcuda.so.1
2022-12-16 03:55:19.899218: I tensorflow/core/common_runtime/gpu/gpu_device.cc:1720] Found device 0 with properties: 
pciBusID: 0000:8b:00.0 name: Tesla T4 computeCapability: 7.5
coreClock: 1.59GHz coreCount: 40 deviceMemorySize: 14.56GiB deviceMemoryBandwidth: 298.08GiB/s
2022-12-16 03:55:19.899272: I tensorflow/stream_executor/platform/default/dso_loader.cc:49] Successfully opened dynamic library libcudart.so.10.1
2022-12-16 03:55:20.059664: I tensorflow/stream_executor/platform/default/dso_loader.cc:49] Successfully opened dynamic library libcublas.so.10
2022-12-16 03:55:20.059810: I tensorflow/stream_executor/platform/default/dso_loader.cc:49] Successfully opened dynamic library libcublasLt.so.10
2022-12-16 03:55:20.145769: I tensorflow/stream_executor/platform/default/dso_loader.cc:49] Successfully opened dynamic library libcufft.so.10
2022-12-16 03:55:20.187629: I tensorflow/stream_executor/platform/default/dso_loader.cc:49] Successfully opened dynamic library libcurand.so.10
2022-12-16 03:55:20.285721: I tensorflow/stream_executor/platform/default/dso_loader.cc:49] Successfully opened dynamic library libcusolver.so.10
2022-12-16 03:55:20.320573: I tensorflow/stream_executor/platform/default/dso_loader.cc:49] Successfully opened dynamic library libcusparse.so.10
2022-12-16 03:55:20.517294: I tensorflow/stream_executor/platform/default/dso_loader.cc:49] Successfully opened dynamic library libcudnn.so.7
2022-12-16 03:55:20.522762: I tensorflow/core/common_runtime/gpu/gpu_device.cc:1862] Adding visible gpu devices: 0
2022-12-16 03:55:20.522901: I tensorflow/compiler/jit/xla_cpu_device.cc:41] Not creating XLA devices, tf_xla_enable_xla_devices not set
2022-12-16 03:55:20.649052: I tensorflow/core/platform/cpu_feature_guard.cc:142] This TensorFlow binary is optimized with oneAPI Deep Neural Network Library (oneDNN) to use the following CPU instructions in performance-critical operations:  SSE4.1 SSE4.2 AVX AVX2 AVX512F FMA
To enable them in other operations, rebuild TensorFlow with the appropriate compiler flags.
2022-12-16 03:55:20.652440: I tensorflow/compiler/jit/xla_gpu_device.cc:99] Not creating XLA devices, tf_xla_enable_xla_devices not set
2022-12-16 03:55:20.655667: I tensorflow/core/common_runtime/gpu/gpu_device.cc:1720] Found device 0 with properties: 
pciBusID: 0000:8b:00.0 name: Tesla T4 computeCapability: 7.5
coreClock: 1.59GHz coreCount: 40 deviceMemorySize: 14.56GiB deviceMemoryBandwidth: 298.08GiB/s
2022-12-16 03:55:20.655712: I tensorflow/stream_executor/platform/default/dso_loader.cc:49] Successfully opened dynamic library libcudart.so.10.1
2022-12-16 03:55:20.655756: I tensorflow/stream_executor/platform/default/dso_loader.cc:49] Successfully opened dynamic library libcublas.so.10
2022-12-16 03:55:20.655766: I tensorflow/stream_executor/platform/default/dso_loader.cc:49] Successfully opened dynamic library libcublasLt.so.10
2022-12-16 03:55:20.655776: I tensorflow/stream_executor/platform/default/dso_loader.cc:49] Successfully opened dynamic library libcufft.so.10
2022-12-16 03:55:20.655786: I tensorflow/stream_executor/platform/default/dso_loader.cc:49] Successfully opened dynamic library libcurand.so.10
2022-12-16 03:55:20.655795: I tensorflow/stream_executor/platform/default/dso_loader.cc:49] Successfully opened dynamic library libcusolver.so.10
2022-12-16 03:55:20.655805: I tensorflow/stream_executor/platform/default/dso_loader.cc:49] Successfully opened dynamic library libcusparse.so.10
2022-12-16 03:55:20.655815: I tensorflow/stream_executor/platform/default/dso_loader.cc:49] Successfully opened dynamic library libcudnn.so.7
2022-12-16 03:55:20.660806: I tensorflow/core/common_runtime/gpu/gpu_device.cc:1862] Adding visible gpu devices: 0
2022-12-16 03:55:20.660883: I tensorflow/stream_executor/platform/default/dso_loader.cc:49] Successfully opened dynamic library libcudart.so.10.1
2022-12-16 03:55:22.079457: I tensorflow/core/common_runtime/gpu/gpu_device.cc:1261] Device interconnect StreamExecutor with strength 1 edge matrix:
2022-12-16 03:55:22.079511: I tensorflow/core/common_runtime/gpu/gpu_device.cc:1267]      0 
2022-12-16 03:55:22.079525: I tensorflow/core/common_runtime/gpu/gpu_device.cc:1280] 0:   N 
2022-12-16 03:55:22.084346: I tensorflow/core/common_runtime/gpu/gpu_device.cc:1406] Created TensorFlow device (/job:localhost/replica:0/task:0/device:GPU:0 with 13784 MB memory) -> physical GPU (device: 0, name: Tesla T4, pci bus id: 0000:8b:00.0, compute capability: 7.5)
Model: "model_1"
__________________________________________________________________________________________________
Layer (type)                    Output Shape         Param #     Connected to                     
==================================================================================================
input_1 (InputLayer)            [(None, 128, 128, 3) 0                                            
__________________________________________________________________________________________________
white_normdct (Lambda)          (None, 128, 128, 3)  0           input_1[0][0]                    
__________________________________________________________________________________________________
dct (Lambda)                    (None, 128, 128, 3)  0           white_normdct[0][0]              
__________________________________________________________________________________________________
conv2d (Conv2D)                 (None, 126, 126, 32) 864         dct[0][0]                        
__________________________________________________________________________________________________
batch_normalization (BatchNorma (None, 126, 126, 32) 128         conv2d[0][0]                     
__________________________________________________________________________________________________
activation (Activation)         (None, 126, 126, 32) 0           batch_normalization[0][0]        
__________________________________________________________________________________________________
average_pooling2d (AveragePooli (None, 63, 63, 32)   0           activation[0][0]                 
__________________________________________________________________________________________________
global_average_pooling2d (Globa (None, 32)           0           average_pooling2d[0][0]          
__________________________________________________________________________________________________
dense (Dense)                   (None, 16)           528         global_average_pooling2d[0][0]   
__________________________________________________________________________________________________
dense_1 (Dense)                 (None, 32)           544         dense[0][0]                      
__________________________________________________________________________________________________
multiply (Multiply)             (None, 63, 63, 32)   0           dense_1[0][0]                    
                                                                 average_pooling2d[0][0]          
__________________________________________________________________________________________________
conv2_dct (Conv2D)              (None, 61, 61, 32)   9248        multiply[0][0]                   
__________________________________________________________________________________________________
batch_normalization_1 (BatchNor (None, 61, 61, 32)   128         conv2_dct[0][0]                  
__________________________________________________________________________________________________
activation_1 (Activation)       (None, 61, 61, 32)   0           batch_normalization_1[0][0]      
__________________________________________________________________________________________________
average_pooling2d_1 (AveragePoo (None, 30, 30, 32)   0           activation_1[0][0]               
__________________________________________________________________________________________________
global_average_pooling2d_1 (Glo (None, 32)           0           average_pooling2d_1[0][0]        
__________________________________________________________________________________________________
dense_2 (Dense)                 (None, 16)           528         global_average_pooling2d_1[0][0] 
__________________________________________________________________________________________________
dense_3 (Dense)                 (None, 32)           544         dense_2[0][0]                    
__________________________________________________________________________________________________
multiply_1 (Multiply)           (None, 30, 30, 32)   0           dense_3[0][0]                    
                                                                 average_pooling2d_1[0][0]        
__________________________________________________________________________________________________
conv3_dct (Conv2D)              (None, 28, 28, 32)   9248        multiply_1[0][0]                 
__________________________________________________________________________________________________
batch_normalization_2 (BatchNor (None, 28, 28, 32)   128         conv3_dct[0][0]                  
__________________________________________________________________________________________________
activation_2 (Activation)       (None, 28, 28, 32)   0           batch_normalization_2[0][0]      
__________________________________________________________________________________________________
average_pooling2d_2 (AveragePoo (None, 14, 14, 32)   0           activation_2[0][0]               
__________________________________________________________________________________________________
global_average_pooling2d_2 (Glo (None, 32)           0           average_pooling2d_2[0][0]        
__________________________________________________________________________________________________
dense_4 (Dense)                 (None, 16)           528         global_average_pooling2d_2[0][0] 
__________________________________________________________________________________________________
dense_5 (Dense)                 (None, 32)           544         dense_4[0][0]                    
__________________________________________________________________________________________________
multiply_2 (Multiply)           (None, 14, 14, 32)   0           dense_5[0][0]                    
                                                                 average_pooling2d_2[0][0]        
__________________________________________________________________________________________________
conv4_dct (Conv2D)              (None, 12, 12, 32)   9216        multiply_2[0][0]                 
__________________________________________________________________________________________________
batch_normalization_3 (BatchNor (None, 12, 12, 32)   128         conv4_dct[0][0]                  
__________________________________________________________________________________________________
activation_3 (Activation)       (None, 12, 12, 32)   0           batch_normalization_3[0][0]      
__________________________________________________________________________________________________
global_average_pooling2d_3 (Glo (None, 32)           0           activation_3[0][0]               
__________________________________________________________________________________________________
dense_6 (Dense)                 (None, 16)           528         global_average_pooling2d_3[0][0] 
__________________________________________________________________________________________________
dense_7 (Dense)                 (None, 32)           544         dense_6[0][0]                    
__________________________________________________________________________________________________
multiply_3 (Multiply)           (None, 12, 12, 32)   0           dense_7[0][0]                    
                                                                 activation_3[0][0]               
__________________________________________________________________________________________________
conv5_dct (Conv2D)              (None, 12, 12, 32)   1056        multiply_3[0][0]                 
__________________________________________________________________________________________________
global_average_pooling2d_4 (Glo (None, 32)           0           conv5_dct[0][0]                  
__________________________________________________________________________________________________
dense_8 (Dense)                 (None, 16)           528         global_average_pooling2d_4[0][0] 
__________________________________________________________________________________________________
dense_9 (Dense)                 (None, 32)           544         dense_8[0][0]                    
WARNING:tensorflow:`period` argument is deprecated. Please use `save_freq` to specify the frequency in number of batches seen.
2022-12-16 03:56:06.326895: I tensorflow/compiler/mlir/mlir_graph_optimization_pass.cc:116] None of the MLIR optimization passes are enabled (registered 2)
2022-12-16 03:56:06.327297: I tensorflow/core/platform/profile_utils/cpu_utils.cc:112] CPU Frequency: 1995310000 Hz
2022-12-16 03:56:09.216493: I tensorflow/stream_executor/platform/default/dso_loader.cc:49] Successfully opened dynamic library libcublas.so.10
2022-12-16 03:56:12.191869: I tensorflow/stream_executor/platform/default/dso_loader.cc:49] Successfully opened dynamic library libcufft.so.10
2022-12-16 03:56:15.317127: I tensorflow/stream_executor/platform/default/dso_loader.cc:49] Successfully opened dynamic library libcudnn.so.7
2022-12-16 03:56:25.002981: W tensorflow/stream_executor/gpu/asm_compiler.cc:63] Running ptxas --version returned 256
2022-12-16 03:56:25.219728: W tensorflow/stream_executor/gpu/redzone_allocator.cc:314] Internal: ptxas exited with non-zero error code 256, output: 
Relying on driver to perform ptx compilation. 
Modify $PATH to customize ptxas location.
This message will be only logged once.
__________________________________________________________________________________________________
multiply_4 (Multiply)           (None, 12, 12, 32)   0           dense_9[0][0]                    
                                                                 conv5_dct[0][0]                  
__________________________________________________________________________________________________
flatten (Flatten)               (None, 4608)         0           multiply_4[0][0]                 
__________________________________________________________________________________________________
dropout (Dropout)               (None, 4608)         0           flatten[0][0]                    
__________________________________________________________________________________________________
dense_10 (Dense)                (None, 32)           147488      dropout[0][0]                    
__________________________________________________________________________________________________
dense_11 (Dense)                (None, 1)            33          dense_10[0][0]                   
==================================================================================================
Total params: 183,025
Trainable params: 182,769
Non-trainable params: 256
__________________________________________________________________________________________________
None
                                                    file spoof
0      /mnt/data/lossless_val_04102022_crops/1/chrome...     1
1      /mnt/data/lossless_val_04102022_crops/1/2d7db3...     1
2      /mnt/data/lossless_val_04102022_crops/1/chroma...     1
3      /mnt/data/lossless_val_04102022_crops/0/c86649...     0
4      /mnt/data/lossless_val_04102022_crops/1/chrome...     1
...                                                  ...   ...
40073  /mnt/data/lossless_val_04102022_crops/1/chrome...     1
40074  /mnt/data/lossless_val_04102022_crops/0/5c2b86...     0
40075  /mnt/data/lossless_val_04102022_crops/0/5c79a2...     0
40076  /mnt/data/lossless_val_04102022_crops/1/firefo...     1
40077  /mnt/data/lossless_val_04102022_crops/1/63559a...     1

[40078 rows x 2 columns]
train_cls_n =  [2785410, 2859310] 2
test_cls_n =  [19998, 20080] 2
Found 5644720 validated image filenames belonging to 2 classes.
Found 40078 validated image filenames belonging to 2 classes.
Epoch 31/45
4031/4031 - 4157s - loss: 0.0594 - accuracy: 0.9768 - val_loss: 0.0931 - val_accuracy: 0.9639

Epoch 00031: saving model to /home/yandex/igor/julia/dct_bigger_batch_mixed_float16/wn/c3ae-128-epoch:031-val_loss:0.0931-val_accuracy:0.9639.h5
Epoch 32/45
4031/4031 - 4095s - loss: 0.0594 - accuracy: 0.9767 - val_loss: 0.0932 - val_accuracy: 0.9639

Epoch 00032: ReduceLROnPlateau reducing learning rate to 2.5200000345648734e-05.

Epoch 00032: saving model to /home/yandex/igor/julia/dct_bigger_batch_mixed_float16/wn/c3ae-128-epoch:032-val_loss:0.0932-val_accuracy:0.9639.h5
Epoch 33/45
4031/4031 - 4075s - loss: 0.0594 - accuracy: 0.9768 - val_loss: 0.0932 - val_accuracy: 0.9640

Epoch 00033: ReduceLROnPlateau reducing learning rate to 2.2680000802211e-05.

Epoch 00033: saving model to /home/yandex/igor/julia/dct_bigger_batch_mixed_float16/wn/c3ae-128-epoch:033-val_loss:0.0932-val_accuracy:0.9640.h5
Epoch 34/45
4031/4031 - 4070s - loss: 0.0593 - accuracy: 0.9768 - val_loss: 0.0938 - val_accuracy: 0.9644

Epoch 00034: ReduceLROnPlateau reducing learning rate to 2.041200023086276e-05.

Epoch 00034: saving model to /home/yandex/igor/julia/dct_bigger_batch_mixed_float16/wn/c3ae-128-epoch:034-val_loss:0.0938-val_accuracy:0.9644.h5
Epoch 35/45
4031/4031 - 4077s - loss: 0.0592 - accuracy: 0.9767 - val_loss: 0.0930 - val_accuracy: 0.9641

Epoch 00035: ReduceLROnPlateau reducing learning rate to 1.8370800535194576e-05.

Epoch 00035: saving model to /home/yandex/igor/julia/dct_bigger_batch_mixed_float16/wn/c3ae-128-epoch:035-val_loss:0.0930-val_accuracy:0.9641.h5
Epoch 36/45
4031/4031 - 4066s - loss: 0.0592 - accuracy: 0.9767 - val_loss: 0.0932 - val_accuracy: 0.9639

Epoch 00036: ReduceLROnPlateau reducing learning rate to 1.6533719826838932e-05.

Epoch 00036: saving model to /home/yandex/igor/julia/dct_bigger_batch_mixed_float16/wn/c3ae-128-epoch:036-val_loss:0.0932-val_accuracy:0.9639.h5
Epoch 37/45
4031/4031 - 4058s - loss: 0.0593 - accuracy: 0.9768 - val_loss: 0.0927 - val_accuracy: 0.9640

Epoch 00037: saving model to /home/yandex/igor/julia/dct_bigger_batch_mixed_float16/wn/c3ae-128-epoch:037-val_loss:0.0927-val_accuracy:0.9640.h5
Epoch 38/45
4031/4031 - 4074s - loss: 0.0592 - accuracy: 0.9768 - val_loss: 0.0928 - val_accuracy: 0.9646

Epoch 00038: ReduceLROnPlateau reducing learning rate to 1.4880348498991226e-05.

Epoch 00038: saving model to /home/yandex/igor/julia/dct_bigger_batch_mixed_float16/wn/c3ae-128-epoch:038-val_loss:0.0928-val_accuracy:0.9646.h5
Epoch 39/45
4031/4031 - 4075s - loss: 0.0592 - accuracy: 0.9768 - val_loss: 0.0928 - val_accuracy: 0.9640

Epoch 00039: ReduceLROnPlateau reducing learning rate to 1.3392313485383056e-05.

Epoch 00039: saving model to /home/yandex/igor/julia/dct_bigger_batch_mixed_float16/wn/c3ae-128-epoch:039-val_loss:0.0928-val_accuracy:0.9640.h5
Epoch 40/45
4031/4031 - 4047s - loss: 0.0591 - accuracy: 0.9768 - val_loss: 0.0937 - val_accuracy: 0.9642

Epoch 00040: ReduceLROnPlateau reducing learning rate to 1.2053081809426658e-05.

Epoch 00040: saving model to /home/yandex/igor/julia/dct_bigger_batch_mixed_float16/wn/c3ae-128-epoch:040-val_loss:0.0937-val_accuracy:0.9642.h5
Epoch 41/45
4031/4031 - 4047s - loss: 0.0592 - accuracy: 0.9768 - val_loss: 0.0932 - val_accuracy: 0.9645

Epoch 00041: ReduceLROnPlateau reducing learning rate to 1.0847773955902084e-05.

Epoch 00041: saving model to /home/yandex/igor/julia/dct_bigger_batch_mixed_float16/wn/c3ae-128-epoch:041-val_loss:0.0932-val_accuracy:0.9645.h5
Epoch 42/45
4031/4031 - 4051s - loss: 0.0591 - accuracy: 0.9768 - val_loss: 0.0931 - val_accuracy: 0.9643

Epoch 00042: ReduceLROnPlateau reducing learning rate to 9.762996887729969e-06.

Epoch 00042: saving model to /home/yandex/igor/julia/dct_bigger_batch_mixed_float16/wn/c3ae-128-epoch:042-val_loss:0.0931-val_accuracy:0.9643.h5
Epoch 43/45
4031/4031 - 4071s - loss: 0.0591 - accuracy: 0.9768 - val_loss: 0.0926 - val_accuracy: 0.9642

Epoch 00043: ReduceLROnPlateau reducing learning rate to 8.786697526375064e-06.

Epoch 00043: saving model to /home/yandex/igor/julia/dct_bigger_batch_mixed_float16/wn/c3ae-128-epoch:043-val_loss:0.0926-val_accuracy:0.9642.h5
Epoch 44/45
4031/4031 - 4074s - loss: 0.0591 - accuracy: 0.9768 - val_loss: 0.0926 - val_accuracy: 0.9643
