2022-12-16 20:22:47.164494: I tensorflow/stream_executor/platform/default/dso_loader.cc:49] Successfully opened dynamic library libcudart.so.10.1
2022-12-16 20:23:11.117367: I tensorflow/compiler/jit/xla_cpu_device.cc:41] Not creating XLA devices, tf_xla_enable_xla_devices not set
2022-12-16 20:23:11.119747: I tensorflow/stream_executor/platform/default/dso_loader.cc:49] Successfully opened dynamic library libcuda.so.1
2022-12-16 20:23:11.293227: I tensorflow/core/common_runtime/gpu/gpu_device.cc:1720] Found device 0 with properties: 
pciBusID: 0000:8b:00.0 name: Tesla T4 computeCapability: 7.5
coreClock: 1.59GHz coreCount: 40 deviceMemorySize: 14.56GiB deviceMemoryBandwidth: 298.08GiB/s
2022-12-16 20:23:11.293296: I tensorflow/stream_executor/platform/default/dso_loader.cc:49] Successfully opened dynamic library libcudart.so.10.1
2022-12-16 20:23:12.004085: I tensorflow/stream_executor/platform/default/dso_loader.cc:49] Successfully opened dynamic library libcublas.so.10
2022-12-16 20:23:12.004232: I tensorflow/stream_executor/platform/default/dso_loader.cc:49] Successfully opened dynamic library libcublasLt.so.10
2022-12-16 20:23:12.273389: I tensorflow/stream_executor/platform/default/dso_loader.cc:49] Successfully opened dynamic library libcufft.so.10
2022-12-16 20:23:12.360516: I tensorflow/stream_executor/platform/default/dso_loader.cc:49] Successfully opened dynamic library libcurand.so.10
2022-12-16 20:23:13.326497: I tensorflow/stream_executor/platform/default/dso_loader.cc:49] Successfully opened dynamic library libcusolver.so.10
2022-12-16 20:23:13.492790: I tensorflow/stream_executor/platform/default/dso_loader.cc:49] Successfully opened dynamic library libcusparse.so.10
2022-12-16 20:23:15.023436: I tensorflow/stream_executor/platform/default/dso_loader.cc:49] Successfully opened dynamic library libcudnn.so.7
2022-12-16 20:23:15.033539: I tensorflow/core/common_runtime/gpu/gpu_device.cc:1862] Adding visible gpu devices: 0
2022-12-16 20:23:15.033678: I tensorflow/compiler/jit/xla_cpu_device.cc:41] Not creating XLA devices, tf_xla_enable_xla_devices not set
2022-12-16 20:23:15.100285: I tensorflow/core/platform/cpu_feature_guard.cc:142] This TensorFlow binary is optimized with oneAPI Deep Neural Network Library (oneDNN) to use the following CPU instructions in performance-critical operations:  SSE4.1 SSE4.2 AVX AVX2 AVX512F FMA
To enable them in other operations, rebuild TensorFlow with the appropriate compiler flags.
2022-12-16 20:23:15.113384: I tensorflow/compiler/jit/xla_gpu_device.cc:99] Not creating XLA devices, tf_xla_enable_xla_devices not set
2022-12-16 20:23:15.143172: I tensorflow/core/common_runtime/gpu/gpu_device.cc:1720] Found device 0 with properties: 
pciBusID: 0000:8b:00.0 name: Tesla T4 computeCapability: 7.5
coreClock: 1.59GHz coreCount: 40 deviceMemorySize: 14.56GiB deviceMemoryBandwidth: 298.08GiB/s
2022-12-16 20:23:15.143244: I tensorflow/stream_executor/platform/default/dso_loader.cc:49] Successfully opened dynamic library libcudart.so.10.1
2022-12-16 20:23:15.143299: I tensorflow/stream_executor/platform/default/dso_loader.cc:49] Successfully opened dynamic library libcublas.so.10
2022-12-16 20:23:15.143310: I tensorflow/stream_executor/platform/default/dso_loader.cc:49] Successfully opened dynamic library libcublasLt.so.10
2022-12-16 20:23:15.143319: I tensorflow/stream_executor/platform/default/dso_loader.cc:49] Successfully opened dynamic library libcufft.so.10
2022-12-16 20:23:15.143328: I tensorflow/stream_executor/platform/default/dso_loader.cc:49] Successfully opened dynamic library libcurand.so.10
2022-12-16 20:23:15.143337: I tensorflow/stream_executor/platform/default/dso_loader.cc:49] Successfully opened dynamic library libcusolver.so.10
2022-12-16 20:23:15.143346: I tensorflow/stream_executor/platform/default/dso_loader.cc:49] Successfully opened dynamic library libcusparse.so.10
2022-12-16 20:23:15.143356: I tensorflow/stream_executor/platform/default/dso_loader.cc:49] Successfully opened dynamic library libcudnn.so.7
2022-12-16 20:23:15.148449: I tensorflow/core/common_runtime/gpu/gpu_device.cc:1862] Adding visible gpu devices: 0
2022-12-16 20:23:15.161830: I tensorflow/stream_executor/platform/default/dso_loader.cc:49] Successfully opened dynamic library libcudart.so.10.1
2022-12-16 20:23:25.368666: I tensorflow/core/common_runtime/gpu/gpu_device.cc:1261] Device interconnect StreamExecutor with strength 1 edge matrix:
2022-12-16 20:23:25.368730: I tensorflow/core/common_runtime/gpu/gpu_device.cc:1267]      0 
2022-12-16 20:23:25.368738: I tensorflow/core/common_runtime/gpu/gpu_device.cc:1280] 0:   N 
2022-12-16 20:23:25.377946: I tensorflow/core/common_runtime/gpu/gpu_device.cc:1406] Created TensorFlow device (/job:localhost/replica:0/task:0/device:GPU:0 with 13784 MB memory) -> physical GPU (device: 0, name: Tesla T4, pci bus id: 0000:8b:00.0, compute capability: 7.5)
np.shape(wn) =  (None, 128, 128, 3)
np.shape(dct) =  (None, 128, 128, 3)
Model: "model_1"
__________________________________________________________________________________________________
Layer (type)                    Output Shape         Param #     Connected to                     
==================================================================================================
input_1 (InputLayer)            [(None, 128, 128, 3) 0                                            
__________________________________________________________________________________________________
white_normdct (Lambda)          (None, 128, 128, 3)  0           input_1[0][0]                    
__________________________________________________________________________________________________
dct (Lambda)                    (None, 128, 128, 3)  0           white_normdct[0][0]              
__________________________________________________________________________________________________
conv2d (Conv2D)                 (None, 126, 126, 32) 864         dct[0][0]                        
__________________________________________________________________________________________________
batch_normalization (BatchNorma (None, 126, 126, 32) 128         conv2d[0][0]                     
__________________________________________________________________________________________________
activation (Activation)         (None, 126, 126, 32) 0           batch_normalization[0][0]        
__________________________________________________________________________________________________
average_pooling2d (AveragePooli (None, 63, 63, 32)   0           activation[0][0]                 
__________________________________________________________________________________________________
global_average_pooling2d (Globa (None, 32)           0           average_pooling2d[0][0]          
__________________________________________________________________________________________________
dense (Dense)                   (None, 16)           528         global_average_pooling2d[0][0]   
__________________________________________________________________________________________________
dense_1 (Dense)                 (None, 32)           544         dense[0][0]                      
__________________________________________________________________________________________________
multiply (Multiply)             (None, 63, 63, 32)   0           dense_1[0][0]                    
                                                                 average_pooling2d[0][0]          
__________________________________________________________________________________________________
conv2_dct (Conv2D)              (None, 61, 61, 32)   9248        multiply[0][0]                   
__________________________________________________________________________________________________
batch_normalization_1 (BatchNor (None, 61, 61, 32)   128         conv2_dct[0][0]                  
__________________________________________________________________________________________________
activation_1 (Activation)       (None, 61, 61, 32)   0           batch_normalization_1[0][0]      
__________________________________________________________________________________________________
average_pooling2d_1 (AveragePoo (None, 30, 30, 32)   0           activation_1[0][0]               
__________________________________________________________________________________________________
global_average_pooling2d_1 (Glo (None, 32)           0           average_pooling2d_1[0][0]        
__________________________________________________________________________________________________
dense_2 (Dense)                 (None, 16)           528         global_average_pooling2d_1[0][0] 
__________________________________________________________________________________________________
dense_3 (Dense)                 (None, 32)           544         dense_2[0][0]                    
__________________________________________________________________________________________________
multiply_1 (Multiply)           (None, 30, 30, 32)   0           dense_3[0][0]                    
                                                                 average_pooling2d_1[0][0]        
__________________________________________________________________________________________________
conv3_dct (Conv2D)              (None, 28, 28, 32)   9248        multiply_1[0][0]                 
__________________________________________________________________________________________________
batch_normalization_2 (BatchNor (None, 28, 28, 32)   128         conv3_dct[0][0]                  
__________________________________________________________________________________________________
activation_2 (Activation)       (None, 28, 28, 32)   0           batch_normalization_2[0][0]      
__________________________________________________________________________________________________
average_pooling2d_2 (AveragePoo (None, 14, 14, 32)   0           activation_2[0][0]               
__________________________________________________________________________________________________
global_average_pooling2d_2 (Glo (None, 32)           0           average_pooling2d_2[0][0]        
__________________________________________________________________________________________________
dense_4 (Dense)                 (None, 16)           528         global_average_pooling2d_2[0][0] 
__________________________________________________________________________________________________
dense_5 (Dense)                 (None, 32)           544         dense_4[0][0]                    
__________________________________________________________________________________________________
multiply_2 (Multiply)           (None, 14, 14, 32)   0           dense_5[0][0]                    
                                                                 average_pooling2d_2[0][0]        
__________________________________________________________________________________________________
conv4_dct (Conv2D)              (None, 12, 12, 32)   9216        multiply_2[0][0]                 
__________________________________________________________________________________________________
batch_normalization_3 (BatchNor (None, 12, 12, 32)   128         conv4_dct[0][0]                  
__________________________________________________________________________________________________
activation_3 (Activation)       (None, 12, 12, 32)   0           batch_normalization_3[0][0]      
__________________________________________________________________________________________________
global_average_pooling2d_3 (Glo (None, 32)           0           activation_3[0][0]               
__________________________________________________________________________________________________
dense_6 (Dense)                 (None, 16)           528         global_average_pooling2d_3[0][0] 
__________________________________________________________________________________________________
dense_7 (Dense)                 (None, 32)           544         dense_6[0][0]                    
__________________________________________________________________________________________________
multiply_3 (Multiply)           (None, 12, 12, 32)   0           dense_7[0][0]                    
                                                                 activation_3[0][0]               
__________________________________________________________________________________________________
conv5_dct (Conv2D)              (None, 12, 12, 32)   1056        multiply_3[0][0]                 
__________________________________________________________________________________________________
global_average_pooling2d_4 (Glo (None, 32)           0           conv5_dct[0][0]                  
__________________________________________________________________________________________________
dense_8 (Dense)                 (None, 16)           528         global_average_pooling2d_4[0][0] 
__________________________________________________________________________________________________
WARNING:tensorflow:`period` argument is deprecated. Please use `save_freq` to specify the frequency in number of batches seen.
2022-12-16 20:24:09.303692: I tensorflow/compiler/mlir/mlir_graph_optimization_pass.cc:116] None of the MLIR optimization passes are enabled (registered 2)
2022-12-16 20:24:09.325598: I tensorflow/core/platform/profile_utils/cpu_utils.cc:112] CPU Frequency: 1995310000 Hz
2022-12-16 20:24:12.274366: I tensorflow/stream_executor/platform/default/dso_loader.cc:49] Successfully opened dynamic library libcublas.so.10
2022-12-16 20:24:15.746365: I tensorflow/stream_executor/platform/default/dso_loader.cc:49] Successfully opened dynamic library libcufft.so.10
2022-12-16 20:24:17.785623: I tensorflow/stream_executor/platform/default/dso_loader.cc:49] Successfully opened dynamic library libcudnn.so.7
2022-12-16 20:24:28.941101: W tensorflow/stream_executor/gpu/asm_compiler.cc:63] Running ptxas --version returned 256
2022-12-16 20:24:29.166015: W tensorflow/stream_executor/gpu/redzone_allocator.cc:314] Internal: ptxas exited with non-zero error code 256, output: 
Relying on driver to perform ptx compilation. 
Modify $PATH to customize ptxas location.
This message will be only logged once.
dense_9 (Dense)                 (None, 32)           544         dense_8[0][0]                    
__________________________________________________________________________________________________
multiply_4 (Multiply)           (None, 12, 12, 32)   0           dense_9[0][0]                    
                                                                 conv5_dct[0][0]                  
__________________________________________________________________________________________________
flatten (Flatten)               (None, 4608)         0           multiply_4[0][0]                 
__________________________________________________________________________________________________
dense_10 (Dense)                (None, 32)           147488      flatten[0][0]                    
__________________________________________________________________________________________________
dense_11 (Dense)                (None, 1)            33          dense_10[0][0]                   
==================================================================================================
Total params: 183,025
Trainable params: 182,769
Non-trainable params: 256
__________________________________________________________________________________________________
None
                                                    file spoof
0      /mnt/data/lossless_val_04102022_crops/1/chrome...     1
1      /mnt/data/lossless_val_04102022_crops/1/2d7db3...     1
2      /mnt/data/lossless_val_04102022_crops/1/chroma...     1
3      /mnt/data/lossless_val_04102022_crops/0/c86649...     0
4      /mnt/data/lossless_val_04102022_crops/1/chrome...     1
...                                                  ...   ...
40073  /mnt/data/lossless_val_04102022_crops/1/chrome...     1
40074  /mnt/data/lossless_val_04102022_crops/0/5c2b86...     0
40075  /mnt/data/lossless_val_04102022_crops/0/5c79a2...     0
40076  /mnt/data/lossless_val_04102022_crops/1/firefo...     1
40077  /mnt/data/lossless_val_04102022_crops/1/63559a...     1

[40078 rows x 2 columns]
train_cls_n =  [2785410, 2859310] 2
test_cls_n =  [19998, 20080] 2
Found 5644720 validated image filenames belonging to 2 classes.
Found 40078 validated image filenames belonging to 2 classes.
Epoch 1/15
4031/4031 - 4132s - loss: 0.2076 - accuracy: 0.9134 - val_loss: 0.2625 - val_accuracy: 0.8877

Epoch 00001: saving model to /home/yandex/igor/julia/dct_bigger_batch_mixed_float16/wn/out_of_dropout/c3ae-128-epoch:001-val_loss:0.2625-val_accuracy:0.8877.h5
Epoch 2/15
4031/4031 - 4117s - loss: 0.1224 - accuracy: 0.9500 - val_loss: 0.2136 - val_accuracy: 0.9085

Epoch 00002: saving model to /home/yandex/igor/julia/dct_bigger_batch_mixed_float16/wn/out_of_dropout/c3ae-128-epoch:002-val_loss:0.2136-val_accuracy:0.9085.h5
Epoch 3/15
4031/4031 - 4096s - loss: 0.1008 - accuracy: 0.9592 - val_loss: 0.1735 - val_accuracy: 0.9266

Epoch 00003: saving model to /home/yandex/igor/julia/dct_bigger_batch_mixed_float16/wn/out_of_dropout/c3ae-128-epoch:003-val_loss:0.1735-val_accuracy:0.9266.h5
Epoch 4/15
4031/4031 - 4097s - loss: 0.0901 - accuracy: 0.9637 - val_loss: 0.1822 - val_accuracy: 0.9233

Epoch 00004: ReduceLROnPlateau reducing learning rate to 0.0015300000202842056.

Epoch 00004: saving model to /home/yandex/igor/julia/dct_bigger_batch_mixed_float16/wn/out_of_dropout/c3ae-128-epoch:004-val_loss:0.1822-val_accuracy:0.9233.h5
Epoch 5/15
4031/4031 - 4087s - loss: 0.0820 - accuracy: 0.9671 - val_loss: 0.1326 - val_accuracy: 0.9432

Epoch 00005: saving model to /home/yandex/igor/julia/dct_bigger_batch_mixed_float16/wn/out_of_dropout/c3ae-128-epoch:005-val_loss:0.1326-val_accuracy:0.9432.h5
Epoch 6/15
4031/4031 - 4100s - loss: 0.0774 - accuracy: 0.9691 - val_loss: 0.1462 - val_accuracy: 0.9382

Epoch 00006: ReduceLROnPlateau reducing learning rate to 0.0013770000077784061.

Epoch 00006: saving model to /home/yandex/igor/julia/dct_bigger_batch_mixed_float16/wn/out_of_dropout/c3ae-128-epoch:006-val_loss:0.1462-val_accuracy:0.9382.h5
Epoch 7/15
4031/4031 - 4087s - loss: 0.0730 - accuracy: 0.9709 - val_loss: 0.1177 - val_accuracy: 0.9523

Epoch 00007: saving model to /home/yandex/igor/julia/dct_bigger_batch_mixed_float16/wn/out_of_dropout/c3ae-128-epoch:007-val_loss:0.1177-val_accuracy:0.9523.h5
Epoch 8/15
4031/4031 - 4092s - loss: 0.0706 - accuracy: 0.9720 - val_loss: 0.1128 - val_accuracy: 0.9534

Epoch 00008: saving model to /home/yandex/igor/julia/dct_bigger_batch_mixed_float16/wn/out_of_dropout/c3ae-128-epoch:008-val_loss:0.1128-val_accuracy:0.9534.h5
Epoch 9/15
4031/4031 - 4087s - loss: 0.0686 - accuracy: 0.9728 - val_loss: 0.1122 - val_accuracy: 0.9560

Epoch 00009: saving model to /home/yandex/igor/julia/dct_bigger_batch_mixed_float16/wn/out_of_dropout/c3ae-128-epoch:009-val_loss:0.1122-val_accuracy:0.9560.h5
Epoch 10/15
4031/4031 - 4051s - loss: 0.0670 - accuracy: 0.9734 - val_loss: 0.1287 - val_accuracy: 0.9469

Epoch 00010: ReduceLROnPlateau reducing learning rate to 0.0012393000070005655.

Epoch 00010: saving model to /home/yandex/igor/julia/dct_bigger_batch_mixed_float16/wn/out_of_dropout/c3ae-128-epoch:010-val_loss:0.1287-val_accuracy:0.9469.h5
Epoch 11/15
4031/4031 - 4066s - loss: 0.0646 - accuracy: 0.9744 - val_loss: 0.1144 - val_accuracy: 0.9540

Epoch 00011: ReduceLROnPlateau reducing learning rate to 0.001115370006300509.

Epoch 00011: saving model to /home/yandex/igor/julia/dct_bigger_batch_mixed_float16/wn/out_of_dropout/c3ae-128-epoch:011-val_loss:0.1144-val_accuracy:0.9540.h5
Epoch 12/15
4031/4031 - 4079s - loss: 0.0625 - accuracy: 0.9752 - val_loss: 0.1058 - val_accuracy: 0.9591

Epoch 00012: saving model to /home/yandex/igor/julia/dct_bigger_batch_mixed_float16/wn/out_of_dropout/c3ae-128-epoch:012-val_loss:0.1058-val_accuracy:0.9591.h5
Epoch 13/15
4031/4031 - 4055s - loss: 0.0615 - accuracy: 0.9756 - val_loss: 0.1076 - val_accuracy: 0.9577

Epoch 00013: ReduceLROnPlateau reducing learning rate to 0.0010038329637609422.

Epoch 00013: saving model to /home/yandex/igor/julia/dct_bigger_batch_mixed_float16/wn/out_of_dropout/c3ae-128-epoch:013-val_loss:0.1076-val_accuracy:0.9577.h5
Epoch 14/15
4031/4031 - 4057s - loss: 0.0598 - accuracy: 0.9763 - val_loss: 0.1043 - val_accuracy: 0.9595

Epoch 00014: saving model to /home/yandex/igor/julia/dct_bigger_batch_mixed_float16/wn/out_of_dropout/c3ae-128-epoch:014-val_loss:0.1043-val_accuracy:0.9595.h5
Epoch 15/15
4031/4031 - 4044s - loss: 0.0591 - accuracy: 0.9767 - val_loss: 0.1205 - val_accuracy: 0.9525

Epoch 00015: ReduceLROnPlateau reducing learning rate to 0.0009034497197717428.

Epoch 00015: saving model to /home/yandex/igor/julia/dct_bigger_batch_mixed_float16/wn/out_of_dropout/c3ae-128-epoch:015-val_loss:0.1205-val_accuracy:0.9525.h5
