2022-11-29 10:00:55.257869: I tensorflow/stream_executor/platform/default/dso_loader.cc:49] Successfully opened dynamic library libcudart.so.10.1
2022-11-29 10:00:56.288877: I tensorflow/compiler/jit/xla_cpu_device.cc:41] Not creating XLA devices, tf_xla_enable_xla_devices not set
2022-11-29 10:00:56.289628: I tensorflow/stream_executor/platform/default/dso_loader.cc:49] Successfully opened dynamic library libcuda.so.1
2022-11-29 10:00:56.330231: I tensorflow/core/common_runtime/gpu/gpu_device.cc:1720] Found device 0 with properties: 
pciBusID: 0000:8b:00.0 name: Tesla T4 computeCapability: 7.5
coreClock: 1.59GHz coreCount: 40 deviceMemorySize: 14.56GiB deviceMemoryBandwidth: 298.08GiB/s
2022-11-29 10:00:56.330276: I tensorflow/stream_executor/platform/default/dso_loader.cc:49] Successfully opened dynamic library libcudart.so.10.1
2022-11-29 10:00:56.331840: I tensorflow/stream_executor/platform/default/dso_loader.cc:49] Successfully opened dynamic library libcublas.so.10
2022-11-29 10:00:56.331903: I tensorflow/stream_executor/platform/default/dso_loader.cc:49] Successfully opened dynamic library libcublasLt.so.10
2022-11-29 10:00:56.333318: I tensorflow/stream_executor/platform/default/dso_loader.cc:49] Successfully opened dynamic library libcufft.so.10
2022-11-29 10:00:56.333596: I tensorflow/stream_executor/platform/default/dso_loader.cc:49] Successfully opened dynamic library libcurand.so.10
2022-11-29 10:00:56.335163: I tensorflow/stream_executor/platform/default/dso_loader.cc:49] Successfully opened dynamic library libcusolver.so.10
2022-11-29 10:00:56.335965: I tensorflow/stream_executor/platform/default/dso_loader.cc:49] Successfully opened dynamic library libcusparse.so.10
2022-11-29 10:00:56.339201: I tensorflow/stream_executor/platform/default/dso_loader.cc:49] Successfully opened dynamic library libcudnn.so.7
2022-11-29 10:00:56.343135: I tensorflow/core/common_runtime/gpu/gpu_device.cc:1862] Adding visible gpu devices: 0
2022-11-29 10:00:56.372410: I tensorflow/core/platform/cpu_feature_guard.cc:142] This TensorFlow binary is optimized with oneAPI Deep Neural Network Library (oneDNN) to use the following CPU instructions in performance-critical operations:  SSE4.1 SSE4.2 AVX AVX2 AVX512F FMA
To enable them in other operations, rebuild TensorFlow with the appropriate compiler flags.
2022-11-29 10:00:56.374485: I tensorflow/compiler/jit/xla_gpu_device.cc:99] Not creating XLA devices, tf_xla_enable_xla_devices not set
2022-11-29 10:00:56.379003: I tensorflow/core/common_runtime/gpu/gpu_device.cc:1720] Found device 0 with properties: 
pciBusID: 0000:8b:00.0 name: Tesla T4 computeCapability: 7.5
coreClock: 1.59GHz coreCount: 40 deviceMemorySize: 14.56GiB deviceMemoryBandwidth: 298.08GiB/s
2022-11-29 10:00:56.379030: I tensorflow/stream_executor/platform/default/dso_loader.cc:49] Successfully opened dynamic library libcudart.so.10.1
2022-11-29 10:00:56.379052: I tensorflow/stream_executor/platform/default/dso_loader.cc:49] Successfully opened dynamic library libcublas.so.10
2022-11-29 10:00:56.379061: I tensorflow/stream_executor/platform/default/dso_loader.cc:49] Successfully opened dynamic library libcublasLt.so.10
2022-11-29 10:00:56.379069: I tensorflow/stream_executor/platform/default/dso_loader.cc:49] Successfully opened dynamic library libcufft.so.10
2022-11-29 10:00:56.379078: I tensorflow/stream_executor/platform/default/dso_loader.cc:49] Successfully opened dynamic library libcurand.so.10
2022-11-29 10:00:56.379085: I tensorflow/stream_executor/platform/default/dso_loader.cc:49] Successfully opened dynamic library libcusolver.so.10
2022-11-29 10:00:56.379093: I tensorflow/stream_executor/platform/default/dso_loader.cc:49] Successfully opened dynamic library libcusparse.so.10
2022-11-29 10:00:56.379101: I tensorflow/stream_executor/platform/default/dso_loader.cc:49] Successfully opened dynamic library libcudnn.so.7
2022-11-29 10:00:56.384539: I tensorflow/core/common_runtime/gpu/gpu_device.cc:1862] Adding visible gpu devices: 0
2022-11-29 10:00:56.384582: I tensorflow/stream_executor/platform/default/dso_loader.cc:49] Successfully opened dynamic library libcudart.so.10.1
2022-11-29 10:00:58.383038: I tensorflow/core/common_runtime/gpu/gpu_device.cc:1261] Device interconnect StreamExecutor with strength 1 edge matrix:
2022-11-29 10:00:58.383085: I tensorflow/core/common_runtime/gpu/gpu_device.cc:1267]      0 
2022-11-29 10:00:58.383092: I tensorflow/core/common_runtime/gpu/gpu_device.cc:1280] 0:   N 
2022-11-29 10:00:58.396097: I tensorflow/core/common_runtime/gpu/gpu_device.cc:1406] Created TensorFlow device (/job:localhost/replica:0/task:0/device:GPU:0 with 4747 MB memory) -> physical GPU (device: 0, name: Tesla T4, pci bus id: 0000:8b:00.0, compute capability: 7.5)
np.shape(wn) =  (None, 128, 128, 3)
np.shape(dct) =  (None, 128, 128, 3)
Model: "model_1"
__________________________________________________________________________________________________
Layer (type)                    Output Shape         Param #     Connected to                     
==================================================================================================
input_1 (InputLayer)            [(None, 128, 128, 3) 0                                            
__________________________________________________________________________________________________
white_norm_dct (Lambda)         (None, 128, 128, 3)  0           input_1[0][0]                    
__________________________________________________________________________________________________
dct (Lambda)                    (None, 128, 128, 3)  0           white_norm_dct[0][0]             
__________________________________________________________________________________________________
conv2d (Conv2D)                 (None, 126, 126, 32) 864         dct[0][0]                        
__________________________________________________________________________________________________
batch_normalization (BatchNorma (None, 126, 126, 32) 128         conv2d[0][0]                     
__________________________________________________________________________________________________
conv2d_1 (Conv2D)               (None, 124, 124, 32) 9216        batch_normalization[0][0]        
__________________________________________________________________________________________________
conv2d_2 (Conv2D)               (None, 122, 122, 32) 9216        conv2d_1[0][0]                   
__________________________________________________________________________________________________
conv2d_3 (Conv2D)               (None, 120, 120, 32) 9216        conv2d_2[0][0]                   
__________________________________________________________________________________________________
activation (Activation)         (None, 120, 120, 32) 0           conv2d_3[0][0]                   
__________________________________________________________________________________________________
average_pooling2d (AveragePooli (None, 60, 60, 32)   0           activation[0][0]                 
__________________________________________________________________________________________________
global_average_pooling2d (Globa (None, 32)           0           average_pooling2d[0][0]          
__________________________________________________________________________________________________
dense (Dense)                   (None, 16)           528         global_average_pooling2d[0][0]   
__________________________________________________________________________________________________
dense_1 (Dense)                 (None, 32)           544         dense[0][0]                      
__________________________________________________________________________________________________
multiply (Multiply)             (None, 60, 60, 32)   0           dense_1[0][0]                    
                                                                 average_pooling2d[0][0]          
__________________________________________________________________________________________________
conv2_dct (Conv2D)              (None, 58, 58, 32)   9248        multiply[0][0]                   
__________________________________________________________________________________________________
batch_normalization_1 (BatchNor (None, 58, 58, 32)   128         conv2_dct[0][0]                  
__________________________________________________________________________________________________
activation_1 (Activation)       (None, 58, 58, 32)   0           batch_normalization_1[0][0]      
__________________________________________________________________________________________________
average_pooling2d_1 (AveragePoo (None, 29, 29, 32)   0           activation_1[0][0]               
__________________________________________________________________________________________________
global_average_pooling2d_1 (Glo (None, 32)           0           average_pooling2d_1[0][0]        
__________________________________________________________________________________________________
dense_2 (Dense)                 (None, 16)           528         global_average_pooling2d_1[0][0] 
__________________________________________________________________________________________________
dense_3 (Dense)                 (None, 32)           544         dense_2[0][0]                    
__________________________________________________________________________________________________
multiply_1 (Multiply)           (None, 29, 29, 32)   0           dense_3[0][0]                    
                                                                 average_pooling2d_1[0][0]        
__________________________________________________________________________________________________
conv3_dct (Conv2D)              (None, 27, 27, 32)   9248        multiply_1[0][0]                 
__________________________________________________________________________________________________
batch_normalization_2 (BatchNor (None, 27, 27, 32)   128         conv3_dct[0][0]                  
__________________________________________________________________________________________________
activation_2 (Activation)       (None, 27, 27, 32)   0           batch_normalization_2[0][0]      
__________________________________________________________________________________________________
average_pooling2d_2 (AveragePoo (None, 13, 13, 32)   0           activation_2[0][0]               
__________________________________________________________________________________________________
global_average_pooling2d_2 (Glo (None, 32)           0           average_pooling2d_2[0][0]        
__________________________________________________________________________________________________
dense_4 (Dense)                 (None, 16)           528         global_average_pooling2d_2[0][0] 
__________________________________________________________________________________________________
dense_5 (Dense)                 (None, 32)           544         dense_4[0][0]                    
__________________________________________________________________________________________________
multiply_2 (Multiply)           (None, 13, 13, 32)   0           dense_5[0][0]                    
                                                                 average_pooling2d_2[0][0]        
__________________________________________________________________________________________________
conv4_dct (Conv2D)              (None, 11, 11, 32)   9216        multiply_2[0][0]                 
__________________________________________________________________________________________________
batch_normalization_3 (BatchNor (None, 11, 11, 32)   128         conv4_dct[0][0]                  
__________________________________________________________________________________________________
activation_3 (Activation)       (None, 11, 11, 32)   0           batch_normalization_3[0][0]      
__________________________________________________________________________________________________
global_average_pooling2d_3 (Glo (None, 32)           0           activation_3[0][0]               
__________________________________________________________________________________________________
dense_6 (Dense)                 (None, 16)           528         global_average_pooling2d_3[0][0] 
__________________________________________________________________________________________________
dense_7 (Dense)                 (None, 32)           544         dense_6[0][0]                    
__________________________________________________________________________________________________
multiply_3 (Multiply)           (None, 11, 11, 32)   0           dense_7[0][0]                    
                                                                 activation_3[0][0]               
__________________________________________________________________________________________________
WARNING:tensorflow:`period` argument is deprecated. Please use `save_freq` to specify the frequency in number of batches seen.
2022-11-29 10:01:37.544403: I tensorflow/compiler/mlir/mlir_graph_optimization_pass.cc:116] None of the MLIR optimization passes are enabled (registered 2)
2022-11-29 10:01:37.544729: I tensorflow/core/platform/profile_utils/cpu_utils.cc:112] CPU Frequency: 1995310000 Hz
2022-11-29 10:01:39.218915: I tensorflow/stream_executor/platform/default/dso_loader.cc:49] Successfully opened dynamic library libcublas.so.10
2022-11-29 10:01:39.950815: I tensorflow/stream_executor/platform/default/dso_loader.cc:49] Successfully opened dynamic library libcufft.so.10
2022-11-29 10:01:40.408216: I tensorflow/stream_executor/platform/default/dso_loader.cc:49] Successfully opened dynamic library libcudnn.so.7
2022-11-29 10:01:42.291924: W tensorflow/stream_executor/gpu/asm_compiler.cc:63] Running ptxas --version returned 256
2022-11-29 10:01:42.392243: W tensorflow/stream_executor/gpu/redzone_allocator.cc:314] Internal: ptxas exited with non-zero error code 256, output: 
Relying on driver to perform ptx compilation. 
Modify $PATH to customize ptxas location.
This message will be only logged once.
conv5_dct (Conv2D)              (None, 11, 11, 32)   1056        multiply_3[0][0]                 
__________________________________________________________________________________________________
global_average_pooling2d_4 (Glo (None, 32)           0           conv5_dct[0][0]                  
__________________________________________________________________________________________________
dense_8 (Dense)                 (None, 16)           528         global_average_pooling2d_4[0][0] 
__________________________________________________________________________________________________
dense_9 (Dense)                 (None, 32)           544         dense_8[0][0]                    
__________________________________________________________________________________________________
multiply_4 (Multiply)           (None, 11, 11, 32)   0           dense_9[0][0]                    
                                                                 conv5_dct[0][0]                  
__________________________________________________________________________________________________
flatten (Flatten)               (None, 3872)         0           multiply_4[0][0]                 
__________________________________________________________________________________________________
dropout (Dropout)               (None, 3872)         0           flatten[0][0]                    
__________________________________________________________________________________________________
dense_10 (Dense)                (None, 32)           123936      dropout[0][0]                    
__________________________________________________________________________________________________
dense_11 (Dense)                (None, 1)            33          dense_10[0][0]                   
==================================================================================================
Total params: 187,121
Trainable params: 186,865
Non-trainable params: 256
__________________________________________________________________________________________________
None
                                                    file spoof
0      /mnt/data/lossless_val_04102022_crops/1/chrome...     1
1      /mnt/data/lossless_val_04102022_crops/1/2d7db3...     1
2      /mnt/data/lossless_val_04102022_crops/1/chroma...     1
3      /mnt/data/lossless_val_04102022_crops/0/c86649...     0
4      /mnt/data/lossless_val_04102022_crops/1/chrome...     1
...                                                  ...   ...
40073  /mnt/data/lossless_val_04102022_crops/1/chrome...     1
40074  /mnt/data/lossless_val_04102022_crops/0/5c2b86...     0
40075  /mnt/data/lossless_val_04102022_crops/0/5c79a2...     0
40076  /mnt/data/lossless_val_04102022_crops/1/firefo...     1
40077  /mnt/data/lossless_val_04102022_crops/1/63559a...     1

[40078 rows x 2 columns]
train_cls_n =  [2785410, 2859310] 2
test_cls_n =  [19998, 20080] 2
Found 5644720 validated image filenames belonging to 2 classes.
Found 40078 validated image filenames belonging to 2 classes.
Epoch 1/20
56447/56447 - 26915s - loss: 0.1534 - accuracy: 0.9390 - val_loss: 0.1828 - val_accuracy: 0.9320

Epoch 00001: saving model to /home/yandex/igor/julia/convX3/c3ae-128-epoch:001-val_loss:0.1828-val_accuracy:0.9320.h5
Epoch 2/20
56447/56447 - 26911s - loss: 0.1334 - accuracy: 0.9502 - val_loss: 0.1841 - val_accuracy: 0.9323

Epoch 00002: ReduceLROnPlateau reducing learning rate to 0.0011900000157766043.

Epoch 00002: saving model to /home/yandex/igor/julia/convX3/c3ae-128-epoch:002-val_loss:0.1841-val_accuracy:0.9323.h5
Epoch 3/20
56447/56447 - 26884s - loss: 0.1331 - accuracy: 0.9522 - val_loss: 0.3578 - val_accuracy: 0.8883

Epoch 00003: ReduceLROnPlateau reducing learning rate to 0.0008329999865964054.

Epoch 00003: saving model to /home/yandex/igor/julia/convX3/c3ae-128-epoch:003-val_loss:0.3578-val_accuracy:0.8883.h5
Epoch 4/20
56447/56447 - 26879s - loss: 0.1283 - accuracy: 0.9536 - val_loss: 0.2020 - val_accuracy: 0.9281

Epoch 00004: ReduceLROnPlateau reducing learning rate to 0.0005830999987665563.

Epoch 00004: saving model to /home/yandex/igor/julia/convX3/c3ae-128-epoch:004-val_loss:0.2020-val_accuracy:0.9281.h5
Epoch 5/20
56447/56447 - 26759s - loss: 0.1241 - accuracy: 0.9548 - val_loss: 0.1839 - val_accuracy: 0.9354

Epoch 00005: ReduceLROnPlateau reducing learning rate to 0.0004081700113601982.

Epoch 00005: saving model to /home/yandex/igor/julia/convX3/c3ae-128-epoch:005-val_loss:0.1839-val_accuracy:0.9354.h5
Epoch 6/20
56447/56447 - 26765s - loss: 0.1182 - accuracy: 0.9566 - val_loss: 0.1529 - val_accuracy: 0.9430

Epoch 00006: saving model to /home/yandex/igor/julia/convX3/c3ae-128-epoch:006-val_loss:0.1529-val_accuracy:0.9430.h5
Epoch 7/20
56447/56447 - 26814s - loss: 0.1240 - accuracy: 0.9551 - val_loss: 0.1617 - val_accuracy: 0.9379

Epoch 00007: ReduceLROnPlateau reducing learning rate to 0.00028571901202667505.

Epoch 00007: saving model to /home/yandex/igor/julia/convX3/c3ae-128-epoch:007-val_loss:0.1617-val_accuracy:0.9379.h5
Epoch 8/20
56447/56447 - 26932s - loss: 0.1187 - accuracy: 0.9567 - val_loss: 0.1663 - val_accuracy: 0.9419

Epoch 00008: ReduceLROnPlateau reducing learning rate to 0.00020000329823233187.

Epoch 00008: saving model to /home/yandex/igor/julia/convX3/c3ae-128-epoch:008-val_loss:0.1663-val_accuracy:0.9419.h5
Epoch 9/20
56447/56447 - 26761s - loss: 0.1155 - accuracy: 0.9576 - val_loss: 0.1673 - val_accuracy: 0.9410

Epoch 00009: ReduceLROnPlateau reducing learning rate to 0.0001400023087626323.

Epoch 00009: saving model to /home/yandex/igor/julia/convX3/c3ae-128-epoch:009-val_loss:0.1673-val_accuracy:0.9410.h5
Epoch 10/20
56447/56447 - 26716s - loss: 0.1135 - accuracy: 0.9586 - val_loss: 0.1998 - val_accuracy: 0.9462

Epoch 00010: ReduceLROnPlateau reducing learning rate to 9.800161205930635e-05.

Epoch 00010: saving model to /home/yandex/igor/julia/convX3/c3ae-128-epoch:010-val_loss:0.1998-val_accuracy:0.9462.h5
Epoch 11/20
56447/56447 - 26774s - loss: 0.1148 - accuracy: 0.9595 - val_loss: 0.1519 - val_accuracy: 0.9443

Epoch 00011: saving model to /home/yandex/igor/julia/convX3/c3ae-128-epoch:011-val_loss:0.1519-val_accuracy:0.9443.h5
Epoch 12/20
56447/56447 - 26734s - loss: 0.1100 - accuracy: 0.9595 - val_loss: 0.1434 - val_accuracy: 0.9461

Epoch 00012: saving model to /home/yandex/igor/julia/convX3/c3ae-128-epoch:012-val_loss:0.1434-val_accuracy:0.9461.h5
Epoch 13/20
56447/56447 - 26723s - loss: 0.1065 - accuracy: 0.9598 - val_loss: 0.1441 - val_accuracy: 0.9442

Epoch 00013: ReduceLROnPlateau reducing learning rate to 6.860112844151444e-05.

Epoch 00013: saving model to /home/yandex/igor/julia/convX3/c3ae-128-epoch:013-val_loss:0.1441-val_accuracy:0.9442.h5
Epoch 14/20
56447/56447 - 26759s - loss: 0.1028 - accuracy: 0.9609 - val_loss: 0.1338 - val_accuracy: 0.9482

Epoch 00014: saving model to /home/yandex/igor/julia/convX3/c3ae-128-epoch:014-val_loss:0.1338-val_accuracy:0.9482.h5
Epoch 15/20
56447/56447 - 26759s - loss: 0.1041 - accuracy: 0.9609 - val_loss: 0.1430 - val_accuracy: 0.9452

Epoch 00015: ReduceLROnPlateau reducing learning rate to 4.802078838110901e-05.

Epoch 00015: saving model to /home/yandex/igor/julia/convX3/c3ae-128-epoch:015-val_loss:0.1430-val_accuracy:0.9452.h5
Epoch 16/20
56447/56447 - 26755s - loss: 0.1021 - accuracy: 0.9615 - val_loss: 0.1422 - val_accuracy: 0.9458

Epoch 00016: ReduceLROnPlateau reducing learning rate to 3.361455237609334e-05.

Epoch 00016: saving model to /home/yandex/igor/julia/convX3/c3ae-128-epoch:016-val_loss:0.1422-val_accuracy:0.9458.h5
Epoch 17/20
56447/56447 - 26760s - loss: 0.1008 - accuracy: 0.9621 - val_loss: 0.1340 - val_accuracy: 0.9485

Epoch 00017: ReduceLROnPlateau reducing learning rate to 2.353018717258237e-05.

Epoch 00017: saving model to /home/yandex/igor/julia/convX3/c3ae-128-epoch:017-val_loss:0.1340-val_accuracy:0.9485.h5
Epoch 18/20
56447/56447 - 26776s - loss: 0.1002 - accuracy: 0.9624 - val_loss: 0.1367 - val_accuracy: 0.9485

Epoch 00018: ReduceLROnPlateau reducing learning rate to 1.6471130766149142e-05.

Epoch 00018: saving model to /home/yandex/igor/julia/convX3/c3ae-128-epoch:018-val_loss:0.1367-val_accuracy:0.9485.h5
Epoch 19/20
56447/56447 - 23964s - loss: 0.1007 - accuracy: 0.9628 - val_loss: 0.1572 - val_accuracy: 0.9482

Epoch 00019: ReduceLROnPlateau reducing learning rate to 1.152979166363366e-05.

Epoch 00019: saving model to /home/yandex/igor/julia/convX3/c3ae-128-epoch:019-val_loss:0.1572-val_accuracy:0.9482.h5
Epoch 20/20
56447/56447 - 17710s - loss: 0.1006 - accuracy: 0.9628 - val_loss: 0.1493 - val_accuracy: 0.9489

Epoch 00020: ReduceLROnPlateau reducing learning rate to 8.070854164543562e-06.

Epoch 00020: saving model to /home/yandex/igor/julia/convX3/c3ae-128-epoch:020-val_loss:0.1493-val_accuracy:0.9489.h5
