2022-12-08 04:59:36.057143: I tensorflow/stream_executor/platform/default/dso_loader.cc:49] Successfully opened dynamic library libcudart.so.10.1
2022-12-08 04:59:53.861572: I tensorflow/compiler/jit/xla_cpu_device.cc:41] Not creating XLA devices, tf_xla_enable_xla_devices not set
2022-12-08 04:59:53.887538: I tensorflow/stream_executor/platform/default/dso_loader.cc:49] Successfully opened dynamic library libcuda.so.1
2022-12-08 04:59:54.043290: I tensorflow/core/common_runtime/gpu/gpu_device.cc:1720] Found device 0 with properties: 
pciBusID: 0000:8b:00.0 name: Tesla T4 computeCapability: 7.5
coreClock: 1.59GHz coreCount: 40 deviceMemorySize: 14.56GiB deviceMemoryBandwidth: 298.08GiB/s
2022-12-08 04:59:54.043356: I tensorflow/stream_executor/platform/default/dso_loader.cc:49] Successfully opened dynamic library libcudart.so.10.1
2022-12-08 04:59:54.316499: I tensorflow/stream_executor/platform/default/dso_loader.cc:49] Successfully opened dynamic library libcublas.so.10
2022-12-08 04:59:54.316645: I tensorflow/stream_executor/platform/default/dso_loader.cc:49] Successfully opened dynamic library libcublasLt.so.10
2022-12-08 04:59:54.558654: I tensorflow/stream_executor/platform/default/dso_loader.cc:49] Successfully opened dynamic library libcufft.so.10
2022-12-08 04:59:54.619815: I tensorflow/stream_executor/platform/default/dso_loader.cc:49] Successfully opened dynamic library libcurand.so.10
2022-12-08 04:59:54.764075: I tensorflow/stream_executor/platform/default/dso_loader.cc:49] Successfully opened dynamic library libcusolver.so.10
2022-12-08 04:59:54.812770: I tensorflow/stream_executor/platform/default/dso_loader.cc:49] Successfully opened dynamic library libcusparse.so.10
2022-12-08 04:59:55.121789: I tensorflow/stream_executor/platform/default/dso_loader.cc:49] Successfully opened dynamic library libcudnn.so.7
2022-12-08 04:59:55.125756: I tensorflow/core/common_runtime/gpu/gpu_device.cc:1862] Adding visible gpu devices: 0
2022-12-08 04:59:55.309296: I tensorflow/core/platform/cpu_feature_guard.cc:142] This TensorFlow binary is optimized with oneAPI Deep Neural Network Library (oneDNN) to use the following CPU instructions in performance-critical operations:  SSE4.1 SSE4.2 AVX AVX2 AVX512F FMA
To enable them in other operations, rebuild TensorFlow with the appropriate compiler flags.
2022-12-08 04:59:55.312152: I tensorflow/compiler/jit/xla_gpu_device.cc:99] Not creating XLA devices, tf_xla_enable_xla_devices not set
2022-12-08 04:59:55.314446: I tensorflow/core/common_runtime/gpu/gpu_device.cc:1720] Found device 0 with properties: 
pciBusID: 0000:8b:00.0 name: Tesla T4 computeCapability: 7.5
coreClock: 1.59GHz coreCount: 40 deviceMemorySize: 14.56GiB deviceMemoryBandwidth: 298.08GiB/s
2022-12-08 04:59:55.314496: I tensorflow/stream_executor/platform/default/dso_loader.cc:49] Successfully opened dynamic library libcudart.so.10.1
2022-12-08 04:59:55.314547: I tensorflow/stream_executor/platform/default/dso_loader.cc:49] Successfully opened dynamic library libcublas.so.10
2022-12-08 04:59:55.314557: I tensorflow/stream_executor/platform/default/dso_loader.cc:49] Successfully opened dynamic library libcublasLt.so.10
2022-12-08 04:59:55.314567: I tensorflow/stream_executor/platform/default/dso_loader.cc:49] Successfully opened dynamic library libcufft.so.10
2022-12-08 04:59:55.314576: I tensorflow/stream_executor/platform/default/dso_loader.cc:49] Successfully opened dynamic library libcurand.so.10
2022-12-08 04:59:55.314585: I tensorflow/stream_executor/platform/default/dso_loader.cc:49] Successfully opened dynamic library libcusolver.so.10
2022-12-08 04:59:55.314595: I tensorflow/stream_executor/platform/default/dso_loader.cc:49] Successfully opened dynamic library libcusparse.so.10
2022-12-08 04:59:55.314604: I tensorflow/stream_executor/platform/default/dso_loader.cc:49] Successfully opened dynamic library libcudnn.so.7
2022-12-08 04:59:55.318049: I tensorflow/core/common_runtime/gpu/gpu_device.cc:1862] Adding visible gpu devices: 0
2022-12-08 04:59:55.332651: I tensorflow/stream_executor/platform/default/dso_loader.cc:49] Successfully opened dynamic library libcudart.so.10.1
2022-12-08 05:00:13.084589: I tensorflow/core/common_runtime/gpu/gpu_device.cc:1261] Device interconnect StreamExecutor with strength 1 edge matrix:
2022-12-08 05:00:13.084652: I tensorflow/core/common_runtime/gpu/gpu_device.cc:1267]      0 
2022-12-08 05:00:13.084659: I tensorflow/core/common_runtime/gpu/gpu_device.cc:1280] 0:   N 
2022-12-08 05:00:13.096196: I tensorflow/core/common_runtime/gpu/gpu_device.cc:1406] Created TensorFlow device (/job:localhost/replica:0/task:0/device:GPU:0 with 13784 MB memory) -> physical GPU (device: 0, name: Tesla T4, pci bus id: 0000:8b:00.0, compute capability: 7.5)
Model: "model_1"
__________________________________________________________________________________________________
Layer (type)                    Output Shape         Param #     Connected to                     
==================================================================================================
input_1 (InputLayer)            [(None, 128, 128, 3) 0                                            
__________________________________________________________________________________________________
white_norm_dct (Lambda)         (None, 128, 128, 3)  0           input_1[0][0]                    
__________________________________________________________________________________________________
dct (Lambda)                    (None, 128, 128, 3)  0           white_norm_dct[0][0]             
__________________________________________________________________________________________________
conv2d (Conv2D)                 (None, 126, 126, 32) 864         dct[0][0]                        
__________________________________________________________________________________________________
batch_normalization (BatchNorma (None, 126, 126, 32) 128         conv2d[0][0]                     
__________________________________________________________________________________________________
activation (Activation)         (None, 126, 126, 32) 0           batch_normalization[0][0]        
__________________________________________________________________________________________________
average_pooling2d (AveragePooli (None, 63, 63, 32)   0           activation[0][0]                 
__________________________________________________________________________________________________
global_average_pooling2d (Globa (None, 32)           0           average_pooling2d[0][0]          
__________________________________________________________________________________________________
dense (Dense)                   (None, 16)           528         global_average_pooling2d[0][0]   
__________________________________________________________________________________________________
dense_1 (Dense)                 (None, 32)           544         dense[0][0]                      
__________________________________________________________________________________________________
multiply (Multiply)             (None, 63, 63, 32)   0           dense_1[0][0]                    
                                                                 average_pooling2d[0][0]          
__________________________________________________________________________________________________
conv2_dct (Conv2D)              (None, 61, 61, 32)   9248        multiply[0][0]                   
__________________________________________________________________________________________________
batch_normalization_1 (BatchNor (None, 61, 61, 32)   128         conv2_dct[0][0]                  
__________________________________________________________________________________________________
activation_1 (Activation)       (None, 61, 61, 32)   0           batch_normalization_1[0][0]      
__________________________________________________________________________________________________
average_pooling2d_1 (AveragePoo (None, 30, 30, 32)   0           activation_1[0][0]               
__________________________________________________________________________________________________
global_average_pooling2d_1 (Glo (None, 32)           0           average_pooling2d_1[0][0]        
__________________________________________________________________________________________________
dense_2 (Dense)                 (None, 16)           528         global_average_pooling2d_1[0][0] 
__________________________________________________________________________________________________
dense_3 (Dense)                 (None, 32)           544         dense_2[0][0]                    
__________________________________________________________________________________________________
multiply_1 (Multiply)           (None, 30, 30, 32)   0           dense_3[0][0]                    
                                                                 average_pooling2d_1[0][0]        
__________________________________________________________________________________________________
conv3_dct (Conv2D)              (None, 28, 28, 32)   9248        multiply_1[0][0]                 
__________________________________________________________________________________________________
batch_normalization_2 (BatchNor (None, 28, 28, 32)   128         conv3_dct[0][0]                  
__________________________________________________________________________________________________
activation_2 (Activation)       (None, 28, 28, 32)   0           batch_normalization_2[0][0]      
__________________________________________________________________________________________________
average_pooling2d_2 (AveragePoo (None, 14, 14, 32)   0           activation_2[0][0]               
__________________________________________________________________________________________________
global_average_pooling2d_2 (Glo (None, 32)           0           average_pooling2d_2[0][0]        
__________________________________________________________________________________________________
dense_4 (Dense)                 (None, 16)           528         global_average_pooling2d_2[0][0] 
__________________________________________________________________________________________________
dense_5 (Dense)                 (None, 32)           544         dense_4[0][0]                    
__________________________________________________________________________________________________
multiply_2 (Multiply)           (None, 14, 14, 32)   0           dense_5[0][0]                    
                                                                 average_pooling2d_2[0][0]        
__________________________________________________________________________________________________
conv4_dct (Conv2D)              (None, 12, 12, 32)   9216        multiply_2[0][0]                 
__________________________________________________________________________________________________
batch_normalization_3 (BatchNor (None, 12, 12, 32)   128         conv4_dct[0][0]                  
__________________________________________________________________________________________________
activation_3 (Activation)       (None, 12, 12, 32)   0           batch_normalization_3[0][0]      
__________________________________________________________________________________________________
global_average_pooling2d_3 (Glo (None, 32)           0           activation_3[0][0]               
__________________________________________________________________________________________________
dense_6 (Dense)                 (None, 16)           528         global_average_pooling2d_3[0][0] 
__________________________________________________________________________________________________
dense_7 (Dense)                 (None, 32)           544         dense_6[0][0]                    
__________________________________________________________________________________________________
multiply_3 (Multiply)           (None, 12, 12, 32)   0           dense_7[0][0]                    
                                                                 activation_3[0][0]               
__________________________________________________________________________________________________
conv5_dct (Conv2D)              (None, 12, 12, 32)   1056        multiply_3[0][0]                 
__________________________________________________________________________________________________
global_average_pooling2d_4 (Glo (None, 32)           0           conv5_dct[0][0]                  
__________________________________________________________________________________________________
dense_8 (Dense)                 (None, 16)           528         global_average_pooling2d_4[0][0] 
__________________________________________________________________________________________________
dense_9 (Dense)                 (None, 32)           544         dense_8[0][0]                    
WARNING:tensorflow:`period` argument is deprecated. Please use `save_freq` to specify the frequency in number of batches seen.
2022-12-08 05:00:59.923691: I tensorflow/compiler/mlir/mlir_graph_optimization_pass.cc:116] None of the MLIR optimization passes are enabled (registered 2)
2022-12-08 05:00:59.944108: I tensorflow/core/platform/profile_utils/cpu_utils.cc:112] CPU Frequency: 1995310000 Hz
2022-12-08 05:01:02.977976: I tensorflow/stream_executor/platform/default/dso_loader.cc:49] Successfully opened dynamic library libcublas.so.10
2022-12-08 05:01:06.633410: I tensorflow/stream_executor/platform/default/dso_loader.cc:49] Successfully opened dynamic library libcufft.so.10
2022-12-08 05:01:08.824930: I tensorflow/stream_executor/platform/default/dso_loader.cc:49] Successfully opened dynamic library libcudnn.so.7
2022-12-08 05:01:21.469333: W tensorflow/stream_executor/gpu/asm_compiler.cc:63] Running ptxas --version returned 256
2022-12-08 05:01:21.565845: W tensorflow/stream_executor/gpu/redzone_allocator.cc:314] Internal: ptxas exited with non-zero error code 256, output: 
Relying on driver to perform ptx compilation. 
Modify $PATH to customize ptxas location.
This message will be only logged once.
__________________________________________________________________________________________________
multiply_4 (Multiply)           (None, 12, 12, 32)   0           dense_9[0][0]                    
                                                                 conv5_dct[0][0]                  
__________________________________________________________________________________________________
flatten (Flatten)               (None, 4608)         0           multiply_4[0][0]                 
__________________________________________________________________________________________________
dropout (Dropout)               (None, 4608)         0           flatten[0][0]                    
__________________________________________________________________________________________________
dense_10 (Dense)                (None, 32)           147488      dropout[0][0]                    
__________________________________________________________________________________________________
dense_11 (Dense)                (None, 1)            33          dense_10[0][0]                   
==================================================================================================
Total params: 183,025
Trainable params: 182,769
Non-trainable params: 256
__________________________________________________________________________________________________
None
                                                    file spoof
0      /mnt/data/lossless_val_04102022_crops/1/chrome...     1
1      /mnt/data/lossless_val_04102022_crops/1/2d7db3...     1
2      /mnt/data/lossless_val_04102022_crops/1/chroma...     1
3      /mnt/data/lossless_val_04102022_crops/0/c86649...     0
4      /mnt/data/lossless_val_04102022_crops/1/chrome...     1
...                                                  ...   ...
40073  /mnt/data/lossless_val_04102022_crops/1/chrome...     1
40074  /mnt/data/lossless_val_04102022_crops/0/5c2b86...     0
40075  /mnt/data/lossless_val_04102022_crops/0/5c79a2...     0
40076  /mnt/data/lossless_val_04102022_crops/1/firefo...     1
40077  /mnt/data/lossless_val_04102022_crops/1/63559a...     1

[40078 rows x 2 columns]
train_cls_n =  [2785410, 2859310] 2
test_cls_n =  [19998, 20080] 2
Found 5644720 validated image filenames belonging to 2 classes.
Found 40078 validated image filenames belonging to 2 classes.
Epoch 21/30
56447/56447 - 7650s - loss: 0.1066 - accuracy: 0.9590 - val_loss: 0.1403 - val_accuracy: 0.9439

Epoch 00021: saving model to /home/yandex/igor/julia/dct1branch/c3ae-128-epoch:021-val_loss:0.1403-val_accuracy:0.9439.h5
Epoch 22/30
56447/56447 - 8524s - loss: 0.1067 - accuracy: 0.9590 - val_loss: 0.1388 - val_accuracy: 0.9440

Epoch 00022: saving model to /home/yandex/igor/julia/dct1branch/c3ae-128-epoch:022-val_loss:0.1388-val_accuracy:0.9440.h5
Epoch 23/30
56447/56447 - 8454s - loss: 0.1070 - accuracy: 0.9590 - val_loss: 0.1399 - val_accuracy: 0.9455

Epoch 00023: ReduceLROnPlateau reducing learning rate to 3.360000118846074e-05.

Epoch 00023: saving model to /home/yandex/igor/julia/dct1branch/c3ae-128-epoch:023-val_loss:0.1399-val_accuracy:0.9455.h5
Epoch 24/30
56447/56447 - 8467s - loss: 0.1060 - accuracy: 0.9592 - val_loss: 0.1375 - val_accuracy: 0.9442

Epoch 00024: saving model to /home/yandex/igor/julia/dct1branch/c3ae-128-epoch:024-val_loss:0.1375-val_accuracy:0.9442.h5
Epoch 25/30
56447/56447 - 8463s - loss: 0.1061 - accuracy: 0.9591 - val_loss: 0.1367 - val_accuracy: 0.9469

Epoch 00025: saving model to /home/yandex/igor/julia/dct1branch/c3ae-128-epoch:025-val_loss:0.1367-val_accuracy:0.9469.h5
Epoch 26/30
56447/56447 - 8477s - loss: 0.1063 - accuracy: 0.9592 - val_loss: 0.1380 - val_accuracy: 0.9441

Epoch 00026: ReduceLROnPlateau reducing learning rate to 2.3520000831922515e-05.

Epoch 00026: saving model to /home/yandex/igor/julia/dct1branch/c3ae-128-epoch:026-val_loss:0.1380-val_accuracy:0.9441.h5
Epoch 27/30
56447/56447 - 8468s - loss: 0.1051 - accuracy: 0.9594 - val_loss: 0.1382 - val_accuracy: 0.9426

Epoch 00027: ReduceLROnPlateau reducing learning rate to 1.6464000327687242e-05.

Epoch 00027: saving model to /home/yandex/igor/julia/dct1branch/c3ae-128-epoch:027-val_loss:0.1382-val_accuracy:0.9426.h5
Epoch 28/30
56447/56447 - 8445s - loss: 0.1043 - accuracy: 0.9596 - val_loss: 0.1341 - val_accuracy: 0.9462

Epoch 00028: saving model to /home/yandex/igor/julia/dct1branch/c3ae-128-epoch:028-val_loss:0.1341-val_accuracy:0.9462.h5
Epoch 29/30
56447/56447 - 8398s - loss: 0.1042 - accuracy: 0.9596 - val_loss: 0.1377 - val_accuracy: 0.9462

Epoch 00029: ReduceLROnPlateau reducing learning rate to 1.152480035671033e-05.

Epoch 00029: saving model to /home/yandex/igor/julia/dct1branch/c3ae-128-epoch:029-val_loss:0.1377-val_accuracy:0.9462.h5
Epoch 30/30
56447/56447 - 8377s - loss: 0.1034 - accuracy: 0.9597 - val_loss: 0.1374 - val_accuracy: 0.9454

Epoch 00030: ReduceLROnPlateau reducing learning rate to 8.06736024969723e-06.

Epoch 00030: saving model to /home/yandex/igor/julia/dct1branch/c3ae-128-epoch:030-val_loss:0.1374-val_accuracy:0.9454.h5
