2022-12-07 04:28:17.637729: I tensorflow/stream_executor/platform/default/dso_loader.cc:49] Successfully opened dynamic library libcudart.so.10.1
2022-12-07 04:28:38.895554: I tensorflow/compiler/jit/xla_cpu_device.cc:41] Not creating XLA devices, tf_xla_enable_xla_devices not set
2022-12-07 04:28:38.919270: I tensorflow/stream_executor/platform/default/dso_loader.cc:49] Successfully opened dynamic library libcuda.so.1
2022-12-07 04:28:39.080576: I tensorflow/core/common_runtime/gpu/gpu_device.cc:1720] Found device 0 with properties: 
pciBusID: 0000:8b:00.0 name: Tesla T4 computeCapability: 7.5
coreClock: 1.59GHz coreCount: 40 deviceMemorySize: 14.56GiB deviceMemoryBandwidth: 298.08GiB/s
2022-12-07 04:28:39.080626: I tensorflow/stream_executor/platform/default/dso_loader.cc:49] Successfully opened dynamic library libcudart.so.10.1
2022-12-07 04:28:39.202781: I tensorflow/stream_executor/platform/default/dso_loader.cc:49] Successfully opened dynamic library libcublas.so.10
2022-12-07 04:28:39.202910: I tensorflow/stream_executor/platform/default/dso_loader.cc:49] Successfully opened dynamic library libcublasLt.so.10
2022-12-07 04:28:39.376132: I tensorflow/stream_executor/platform/default/dso_loader.cc:49] Successfully opened dynamic library libcufft.so.10
2022-12-07 04:28:39.417210: I tensorflow/stream_executor/platform/default/dso_loader.cc:49] Successfully opened dynamic library libcurand.so.10
2022-12-07 04:28:39.510891: I tensorflow/stream_executor/platform/default/dso_loader.cc:49] Successfully opened dynamic library libcusolver.so.10
2022-12-07 04:28:39.562302: I tensorflow/stream_executor/platform/default/dso_loader.cc:49] Successfully opened dynamic library libcusparse.so.10
2022-12-07 04:28:40.030637: I tensorflow/stream_executor/platform/default/dso_loader.cc:49] Successfully opened dynamic library libcudnn.so.7
2022-12-07 04:28:40.034560: I tensorflow/core/common_runtime/gpu/gpu_device.cc:1862] Adding visible gpu devices: 0
2022-12-07 04:28:40.127805: I tensorflow/core/platform/cpu_feature_guard.cc:142] This TensorFlow binary is optimized with oneAPI Deep Neural Network Library (oneDNN) to use the following CPU instructions in performance-critical operations:  SSE4.1 SSE4.2 AVX AVX2 AVX512F FMA
To enable them in other operations, rebuild TensorFlow with the appropriate compiler flags.
2022-12-07 04:28:40.131006: I tensorflow/compiler/jit/xla_gpu_device.cc:99] Not creating XLA devices, tf_xla_enable_xla_devices not set
2022-12-07 04:28:40.133023: I tensorflow/core/common_runtime/gpu/gpu_device.cc:1720] Found device 0 with properties: 
pciBusID: 0000:8b:00.0 name: Tesla T4 computeCapability: 7.5
coreClock: 1.59GHz coreCount: 40 deviceMemorySize: 14.56GiB deviceMemoryBandwidth: 298.08GiB/s
2022-12-07 04:28:40.133061: I tensorflow/stream_executor/platform/default/dso_loader.cc:49] Successfully opened dynamic library libcudart.so.10.1
2022-12-07 04:28:40.133101: I tensorflow/stream_executor/platform/default/dso_loader.cc:49] Successfully opened dynamic library libcublas.so.10
2022-12-07 04:28:40.133112: I tensorflow/stream_executor/platform/default/dso_loader.cc:49] Successfully opened dynamic library libcublasLt.so.10
2022-12-07 04:28:40.133122: I tensorflow/stream_executor/platform/default/dso_loader.cc:49] Successfully opened dynamic library libcufft.so.10
2022-12-07 04:28:40.133133: I tensorflow/stream_executor/platform/default/dso_loader.cc:49] Successfully opened dynamic library libcurand.so.10
2022-12-07 04:28:40.133142: I tensorflow/stream_executor/platform/default/dso_loader.cc:49] Successfully opened dynamic library libcusolver.so.10
2022-12-07 04:28:40.133152: I tensorflow/stream_executor/platform/default/dso_loader.cc:49] Successfully opened dynamic library libcusparse.so.10
2022-12-07 04:28:40.133162: I tensorflow/stream_executor/platform/default/dso_loader.cc:49] Successfully opened dynamic library libcudnn.so.7
2022-12-07 04:28:40.136571: I tensorflow/core/common_runtime/gpu/gpu_device.cc:1862] Adding visible gpu devices: 0
2022-12-07 04:28:40.145182: I tensorflow/stream_executor/platform/default/dso_loader.cc:49] Successfully opened dynamic library libcudart.so.10.1
2022-12-07 04:28:51.937578: I tensorflow/core/common_runtime/gpu/gpu_device.cc:1261] Device interconnect StreamExecutor with strength 1 edge matrix:
2022-12-07 04:28:51.937638: I tensorflow/core/common_runtime/gpu/gpu_device.cc:1267]      0 
2022-12-07 04:28:51.937646: I tensorflow/core/common_runtime/gpu/gpu_device.cc:1280] 0:   N 
2022-12-07 04:28:51.951469: I tensorflow/core/common_runtime/gpu/gpu_device.cc:1406] Created TensorFlow device (/job:localhost/replica:0/task:0/device:GPU:0 with 13784 MB memory) -> physical GPU (device: 0, name: Tesla T4, pci bus id: 0000:8b:00.0, compute capability: 7.5)
np.shape(wn) =  (None, 128, 128, 3)
np.shape(dct) =  (None, 128, 128, 3)
Model: "model_1"
__________________________________________________________________________________________________
Layer (type)                    Output Shape         Param #     Connected to                     
==================================================================================================
input_1 (InputLayer)            [(None, 128, 128, 3) 0                                            
__________________________________________________________________________________________________
white_norm_dct (Lambda)         (None, 128, 128, 3)  0           input_1[0][0]                    
__________________________________________________________________________________________________
dct (Lambda)                    (None, 128, 128, 3)  0           white_norm_dct[0][0]             
__________________________________________________________________________________________________
conv2d (Conv2D)                 (None, 126, 126, 32) 864         dct[0][0]                        
__________________________________________________________________________________________________
batch_normalization (BatchNorma (None, 126, 126, 32) 128         conv2d[0][0]                     
__________________________________________________________________________________________________
activation (Activation)         (None, 126, 126, 32) 0           batch_normalization[0][0]        
__________________________________________________________________________________________________
average_pooling2d (AveragePooli (None, 63, 63, 32)   0           activation[0][0]                 
__________________________________________________________________________________________________
global_average_pooling2d (Globa (None, 32)           0           average_pooling2d[0][0]          
__________________________________________________________________________________________________
dense (Dense)                   (None, 16)           528         global_average_pooling2d[0][0]   
__________________________________________________________________________________________________
dense_1 (Dense)                 (None, 32)           544         dense[0][0]                      
__________________________________________________________________________________________________
multiply (Multiply)             (None, 63, 63, 32)   0           dense_1[0][0]                    
                                                                 average_pooling2d[0][0]          
__________________________________________________________________________________________________
conv2_dct (Conv2D)              (None, 61, 61, 32)   9248        multiply[0][0]                   
__________________________________________________________________________________________________
batch_normalization_1 (BatchNor (None, 61, 61, 32)   128         conv2_dct[0][0]                  
__________________________________________________________________________________________________
activation_1 (Activation)       (None, 61, 61, 32)   0           batch_normalization_1[0][0]      
__________________________________________________________________________________________________
average_pooling2d_1 (AveragePoo (None, 30, 30, 32)   0           activation_1[0][0]               
__________________________________________________________________________________________________
global_average_pooling2d_1 (Glo (None, 32)           0           average_pooling2d_1[0][0]        
__________________________________________________________________________________________________
dense_2 (Dense)                 (None, 16)           528         global_average_pooling2d_1[0][0] 
__________________________________________________________________________________________________
dense_3 (Dense)                 (None, 32)           544         dense_2[0][0]                    
__________________________________________________________________________________________________
multiply_1 (Multiply)           (None, 30, 30, 32)   0           dense_3[0][0]                    
                                                                 average_pooling2d_1[0][0]        
__________________________________________________________________________________________________
conv3_dct (Conv2D)              (None, 28, 28, 32)   9248        multiply_1[0][0]                 
__________________________________________________________________________________________________
batch_normalization_2 (BatchNor (None, 28, 28, 32)   128         conv3_dct[0][0]                  
__________________________________________________________________________________________________
activation_2 (Activation)       (None, 28, 28, 32)   0           batch_normalization_2[0][0]      
__________________________________________________________________________________________________
average_pooling2d_2 (AveragePoo (None, 14, 14, 32)   0           activation_2[0][0]               
__________________________________________________________________________________________________
global_average_pooling2d_2 (Glo (None, 32)           0           average_pooling2d_2[0][0]        
__________________________________________________________________________________________________
dense_4 (Dense)                 (None, 16)           528         global_average_pooling2d_2[0][0] 
__________________________________________________________________________________________________
dense_5 (Dense)                 (None, 32)           544         dense_4[0][0]                    
__________________________________________________________________________________________________
multiply_2 (Multiply)           (None, 14, 14, 32)   0           dense_5[0][0]                    
                                                                 average_pooling2d_2[0][0]        
__________________________________________________________________________________________________
conv4_dct (Conv2D)              (None, 12, 12, 32)   9216        multiply_2[0][0]                 
__________________________________________________________________________________________________
batch_normalization_3 (BatchNor (None, 12, 12, 32)   128         conv4_dct[0][0]                  
__________________________________________________________________________________________________
activation_3 (Activation)       (None, 12, 12, 32)   0           batch_normalization_3[0][0]      
__________________________________________________________________________________________________
global_average_pooling2d_3 (Glo (None, 32)           0           activation_3[0][0]               
__________________________________________________________________________________________________
dense_6 (Dense)                 (None, 16)           528         global_average_pooling2d_3[0][0] 
__________________________________________________________________________________________________
dense_7 (Dense)                 (None, 32)           544         dense_6[0][0]                    
__________________________________________________________________________________________________
multiply_3 (Multiply)           (None, 12, 12, 32)   0           dense_7[0][0]                    
                                                                 activation_3[0][0]               
__________________________________________________________________________________________________
conv5_dct (Conv2D)              (None, 12, 12, 32)   1056        multiply_3[0][0]                 
__________________________________________________________________________________________________
global_average_pooling2d_4 (Glo (None, 32)           0           conv5_dct[0][0]                  
__________________________________________________________________________________________________
dense_8 (Dense)                 (None, 16)           528         global_average_pooling2d_4[0][0] 
__________________________________________________________________________________________________
WARNING:tensorflow:`period` argument is deprecated. Please use `save_freq` to specify the frequency in number of batches seen.
2022-12-07 04:29:36.079255: I tensorflow/compiler/mlir/mlir_graph_optimization_pass.cc:116] None of the MLIR optimization passes are enabled (registered 2)
2022-12-07 04:29:36.089858: I tensorflow/core/platform/profile_utils/cpu_utils.cc:112] CPU Frequency: 1995310000 Hz
2022-12-07 04:29:38.819149: I tensorflow/stream_executor/platform/default/dso_loader.cc:49] Successfully opened dynamic library libcublas.so.10
2022-12-07 04:29:42.022172: I tensorflow/stream_executor/platform/default/dso_loader.cc:49] Successfully opened dynamic library libcufft.so.10
2022-12-07 04:29:43.825657: I tensorflow/stream_executor/platform/default/dso_loader.cc:49] Successfully opened dynamic library libcudnn.so.7
2022-12-07 04:29:55.298791: W tensorflow/stream_executor/gpu/asm_compiler.cc:63] Running ptxas --version returned 256
2022-12-07 04:29:55.407744: W tensorflow/stream_executor/gpu/redzone_allocator.cc:314] Internal: ptxas exited with non-zero error code 256, output: 
Relying on driver to perform ptx compilation. 
Modify $PATH to customize ptxas location.
This message will be only logged once.
dense_9 (Dense)                 (None, 32)           544         dense_8[0][0]                    
__________________________________________________________________________________________________
multiply_4 (Multiply)           (None, 12, 12, 32)   0           dense_9[0][0]                    
                                                                 conv5_dct[0][0]                  
__________________________________________________________________________________________________
flatten (Flatten)               (None, 4608)         0           multiply_4[0][0]                 
__________________________________________________________________________________________________
dropout (Dropout)               (None, 4608)         0           flatten[0][0]                    
__________________________________________________________________________________________________
dense_10 (Dense)                (None, 32)           147488      dropout[0][0]                    
__________________________________________________________________________________________________
dense_11 (Dense)                (None, 1)            33          dense_10[0][0]                   
==================================================================================================
Total params: 183,025
Trainable params: 182,769
Non-trainable params: 256
__________________________________________________________________________________________________
None
                                                    file spoof
0      /mnt/data/lossless_val_04102022_crops/1/chrome...     1
1      /mnt/data/lossless_val_04102022_crops/1/2d7db3...     1
2      /mnt/data/lossless_val_04102022_crops/1/chroma...     1
3      /mnt/data/lossless_val_04102022_crops/0/c86649...     0
4      /mnt/data/lossless_val_04102022_crops/1/chrome...     1
...                                                  ...   ...
40073  /mnt/data/lossless_val_04102022_crops/1/chrome...     1
40074  /mnt/data/lossless_val_04102022_crops/0/5c2b86...     0
40075  /mnt/data/lossless_val_04102022_crops/0/5c79a2...     0
40076  /mnt/data/lossless_val_04102022_crops/1/firefo...     1
40077  /mnt/data/lossless_val_04102022_crops/1/63559a...     1

[40078 rows x 2 columns]
train_cls_n =  [2785410, 2859310] 2
test_cls_n =  [19998, 20080] 2
Found 5644720 validated image filenames belonging to 2 classes.
Found 40078 validated image filenames belonging to 2 classes.
Epoch 1/20
56447/56447 - 3924s - loss: 0.1727 - accuracy: 0.9304 - val_loss: 0.2494 - val_accuracy: 0.9176

Epoch 00001: saving model to /home/yandex/igor/julia/dct1branch/c3ae-128-epoch:001-val_loss:0.2494-val_accuracy:0.9176.h5
Epoch 2/20
56447/56447 - 3786s - loss: 0.1388 - accuracy: 0.9463 - val_loss: 0.1931 - val_accuracy: 0.9282

Epoch 00002: saving model to /home/yandex/igor/julia/dct1branch/c3ae-128-epoch:002-val_loss:0.1931-val_accuracy:0.9282.h5
Epoch 3/20
56447/56447 - 3789s - loss: 0.1414 - accuracy: 0.9473 - val_loss: 0.1984 - val_accuracy: 0.9107

Epoch 00003: ReduceLROnPlateau reducing learning rate to 0.0011900000157766043.

Epoch 00003: saving model to /home/yandex/igor/julia/dct1branch/c3ae-128-epoch:003-val_loss:0.1984-val_accuracy:0.9107.h5
Epoch 4/20
56447/56447 - 3787s - loss: 0.1366 - accuracy: 0.9505 - val_loss: 0.2030 - val_accuracy: 0.9267

Epoch 00004: ReduceLROnPlateau reducing learning rate to 0.0008329999865964054.

Epoch 00004: saving model to /home/yandex/igor/julia/dct1branch/c3ae-128-epoch:004-val_loss:0.2030-val_accuracy:0.9267.h5
Epoch 5/20
56447/56447 - 3785s - loss: 0.1377 - accuracy: 0.9518 - val_loss: 0.1867 - val_accuracy: 0.9343

Epoch 00005: saving model to /home/yandex/igor/julia/dct1branch/c3ae-128-epoch:005-val_loss:0.1867-val_accuracy:0.9343.h5
Epoch 6/20
56447/56447 - 3785s - loss: 0.1380 - accuracy: 0.9511 - val_loss: 0.1890 - val_accuracy: 0.9318

Epoch 00006: ReduceLROnPlateau reducing learning rate to 0.0005830999987665563.

Epoch 00006: saving model to /home/yandex/igor/julia/dct1branch/c3ae-128-epoch:006-val_loss:0.1890-val_accuracy:0.9318.h5
Epoch 7/20
56447/56447 - 3788s - loss: 0.1322 - accuracy: 0.9529 - val_loss: 0.1880 - val_accuracy: 0.9326

Epoch 00007: ReduceLROnPlateau reducing learning rate to 0.0004081700113601982.

Epoch 00007: saving model to /home/yandex/igor/julia/dct1branch/c3ae-128-epoch:007-val_loss:0.1880-val_accuracy:0.9326.h5
Epoch 8/20
56447/56447 - 3794s - loss: 0.1250 - accuracy: 0.9545 - val_loss: 0.1822 - val_accuracy: 0.9363

Epoch 00008: saving model to /home/yandex/igor/julia/dct1branch/c3ae-128-epoch:008-val_loss:0.1822-val_accuracy:0.9363.h5
Epoch 9/20
56447/56447 - 3793s - loss: 0.1263 - accuracy: 0.9543 - val_loss: 0.1858 - val_accuracy: 0.9386

Epoch 00009: ReduceLROnPlateau reducing learning rate to 0.00028571901202667505.

Epoch 00009: saving model to /home/yandex/igor/julia/dct1branch/c3ae-128-epoch:009-val_loss:0.1858-val_accuracy:0.9386.h5
Epoch 10/20
56447/56447 - 3791s - loss: 0.1231 - accuracy: 0.9552 - val_loss: 0.1805 - val_accuracy: 0.9390

Epoch 00010: saving model to /home/yandex/igor/julia/dct1branch/c3ae-128-epoch:010-val_loss:0.1805-val_accuracy:0.9390.h5
Epoch 11/20
56447/56447 - 3789s - loss: 0.1218 - accuracy: 0.9556 - val_loss: 0.1572 - val_accuracy: 0.9418

Epoch 00011: saving model to /home/yandex/igor/julia/dct1branch/c3ae-128-epoch:011-val_loss:0.1572-val_accuracy:0.9418.h5
Epoch 12/20
56447/56447 - 3801s - loss: 0.1214 - accuracy: 0.9555 - val_loss: 0.1565 - val_accuracy: 0.9417

Epoch 00012: saving model to /home/yandex/igor/julia/dct1branch/c3ae-128-epoch:012-val_loss:0.1565-val_accuracy:0.9417.h5
Epoch 13/20
56447/56447 - 3937s - loss: 0.1210 - accuracy: 0.9554 - val_loss: 0.1689 - val_accuracy: 0.9340

Epoch 00013: ReduceLROnPlateau reducing learning rate to 0.00020000329823233187.

Epoch 00013: saving model to /home/yandex/igor/julia/dct1branch/c3ae-128-epoch:013-val_loss:0.1689-val_accuracy:0.9340.h5
Epoch 14/20
56447/56447 - 3801s - loss: 0.1178 - accuracy: 0.9565 - val_loss: 0.1483 - val_accuracy: 0.9437

Epoch 00014: saving model to /home/yandex/igor/julia/dct1branch/c3ae-128-epoch:014-val_loss:0.1483-val_accuracy:0.9437.h5
Epoch 15/20
56447/56447 - 3794s - loss: 0.1186 - accuracy: 0.9567 - val_loss: 0.1391 - val_accuracy: 0.9440

Epoch 00015: saving model to /home/yandex/igor/julia/dct1branch/c3ae-128-epoch:015-val_loss:0.1391-val_accuracy:0.9440.h5
Epoch 16/20
56447/56447 - 3792s - loss: 0.1180 - accuracy: 0.9568 - val_loss: 0.1493 - val_accuracy: 0.9426

Epoch 00016: ReduceLROnPlateau reducing learning rate to 0.0001400023087626323.

Epoch 00016: saving model to /home/yandex/igor/julia/dct1branch/c3ae-128-epoch:016-val_loss:0.1493-val_accuracy:0.9426.h5
Epoch 17/20
56447/56447 - 3794s - loss: 0.1139 - accuracy: 0.9575 - val_loss: 0.1416 - val_accuracy: 0.9434

Epoch 00017: ReduceLROnPlateau reducing learning rate to 9.800161205930635e-05.

Epoch 00017: saving model to /home/yandex/igor/julia/dct1branch/c3ae-128-epoch:017-val_loss:0.1416-val_accuracy:0.9434.h5
Epoch 18/20
56447/56447 - 3789s - loss: 0.1106 - accuracy: 0.9581 - val_loss: 0.1383 - val_accuracy: 0.9440

Epoch 00018: saving model to /home/yandex/igor/julia/dct1branch/c3ae-128-epoch:018-val_loss:0.1383-val_accuracy:0.9440.h5
Epoch 19/20
56447/56447 - 3791s - loss: 0.1095 - accuracy: 0.9582 - val_loss: 0.1733 - val_accuracy: 0.9423

Epoch 00019: ReduceLROnPlateau reducing learning rate to 6.860112844151444e-05.

Epoch 00019: saving model to /home/yandex/igor/julia/dct1branch/c3ae-128-epoch:019-val_loss:0.1733-val_accuracy:0.9423.h5
Epoch 20/20
56447/56447 - 3790s - loss: 0.1077 - accuracy: 0.9587 - val_loss: 0.1386 - val_accuracy: 0.9445

Epoch 00020: ReduceLROnPlateau reducing learning rate to 4.802078838110901e-05.

Epoch 00020: saving model to /home/yandex/igor/julia/dct1branch/c3ae-128-epoch:020-val_loss:0.1386-val_accuracy:0.9445.h5
