2022-12-14 01:22:33.084804: I tensorflow/stream_executor/platform/default/dso_loader.cc:49] Successfully opened dynamic library libcudart.so.10.1
2022-12-14 01:22:34.204470: I tensorflow/compiler/jit/xla_cpu_device.cc:41] Not creating XLA devices, tf_xla_enable_xla_devices not set
2022-12-14 01:22:34.205386: I tensorflow/stream_executor/platform/default/dso_loader.cc:49] Successfully opened dynamic library libcuda.so.1
2022-12-14 01:22:34.368225: I tensorflow/core/common_runtime/gpu/gpu_device.cc:1720] Found device 0 with properties: 
pciBusID: 0000:8b:00.0 name: Tesla T4 computeCapability: 7.5
coreClock: 1.59GHz coreCount: 40 deviceMemorySize: 14.56GiB deviceMemoryBandwidth: 298.08GiB/s
2022-12-14 01:22:34.368278: I tensorflow/stream_executor/platform/default/dso_loader.cc:49] Successfully opened dynamic library libcudart.so.10.1
2022-12-14 01:22:34.370226: I tensorflow/stream_executor/platform/default/dso_loader.cc:49] Successfully opened dynamic library libcublas.so.10
2022-12-14 01:22:34.370314: I tensorflow/stream_executor/platform/default/dso_loader.cc:49] Successfully opened dynamic library libcublasLt.so.10
2022-12-14 01:22:34.371969: I tensorflow/stream_executor/platform/default/dso_loader.cc:49] Successfully opened dynamic library libcufft.so.10
2022-12-14 01:22:34.372307: I tensorflow/stream_executor/platform/default/dso_loader.cc:49] Successfully opened dynamic library libcurand.so.10
2022-12-14 01:22:34.374244: I tensorflow/stream_executor/platform/default/dso_loader.cc:49] Successfully opened dynamic library libcusolver.so.10
2022-12-14 01:22:34.375192: I tensorflow/stream_executor/platform/default/dso_loader.cc:49] Successfully opened dynamic library libcusparse.so.10
2022-12-14 01:22:34.379105: I tensorflow/stream_executor/platform/default/dso_loader.cc:49] Successfully opened dynamic library libcudnn.so.7
2022-12-14 01:22:34.384390: I tensorflow/core/common_runtime/gpu/gpu_device.cc:1862] Adding visible gpu devices: 0
2022-12-14 01:22:34.384501: I tensorflow/compiler/jit/xla_cpu_device.cc:41] Not creating XLA devices, tf_xla_enable_xla_devices not set
2022-12-14 01:22:34.420224: I tensorflow/core/platform/cpu_feature_guard.cc:142] This TensorFlow binary is optimized with oneAPI Deep Neural Network Library (oneDNN) to use the following CPU instructions in performance-critical operations:  SSE4.1 SSE4.2 AVX AVX2 AVX512F FMA
To enable them in other operations, rebuild TensorFlow with the appropriate compiler flags.
2022-12-14 01:22:34.423004: I tensorflow/compiler/jit/xla_gpu_device.cc:99] Not creating XLA devices, tf_xla_enable_xla_devices not set
2022-12-14 01:22:34.425961: I tensorflow/core/common_runtime/gpu/gpu_device.cc:1720] Found device 0 with properties: 
pciBusID: 0000:8b:00.0 name: Tesla T4 computeCapability: 7.5
coreClock: 1.59GHz coreCount: 40 deviceMemorySize: 14.56GiB deviceMemoryBandwidth: 298.08GiB/s
2022-12-14 01:22:34.426001: I tensorflow/stream_executor/platform/default/dso_loader.cc:49] Successfully opened dynamic library libcudart.so.10.1
2022-12-14 01:22:34.426043: I tensorflow/stream_executor/platform/default/dso_loader.cc:49] Successfully opened dynamic library libcublas.so.10
2022-12-14 01:22:34.426053: I tensorflow/stream_executor/platform/default/dso_loader.cc:49] Successfully opened dynamic library libcublasLt.so.10
2022-12-14 01:22:34.426063: I tensorflow/stream_executor/platform/default/dso_loader.cc:49] Successfully opened dynamic library libcufft.so.10
2022-12-14 01:22:34.426072: I tensorflow/stream_executor/platform/default/dso_loader.cc:49] Successfully opened dynamic library libcurand.so.10
2022-12-14 01:22:34.426081: I tensorflow/stream_executor/platform/default/dso_loader.cc:49] Successfully opened dynamic library libcusolver.so.10
2022-12-14 01:22:34.426090: I tensorflow/stream_executor/platform/default/dso_loader.cc:49] Successfully opened dynamic library libcusparse.so.10
2022-12-14 01:22:34.426099: I tensorflow/stream_executor/platform/default/dso_loader.cc:49] Successfully opened dynamic library libcudnn.so.7
2022-12-14 01:22:34.431158: I tensorflow/core/common_runtime/gpu/gpu_device.cc:1862] Adding visible gpu devices: 0
2022-12-14 01:22:34.431227: I tensorflow/stream_executor/platform/default/dso_loader.cc:49] Successfully opened dynamic library libcudart.so.10.1
2022-12-14 01:22:35.107895: I tensorflow/core/common_runtime/gpu/gpu_device.cc:1261] Device interconnect StreamExecutor with strength 1 edge matrix:
2022-12-14 01:22:35.107949: I tensorflow/core/common_runtime/gpu/gpu_device.cc:1267]      0 
2022-12-14 01:22:35.107956: I tensorflow/core/common_runtime/gpu/gpu_device.cc:1280] 0:   N 
2022-12-14 01:22:35.112808: I tensorflow/core/common_runtime/gpu/gpu_device.cc:1406] Created TensorFlow device (/job:localhost/replica:0/task:0/device:GPU:0 with 13784 MB memory) -> physical GPU (device: 0, name: Tesla T4, pci bus id: 0000:8b:00.0, compute capability: 7.5)
np.shape(wn) =  (None, 128, 128, 3)
np.shape(dct) =  (None, 128, 128, 3)
np.shape(wn) =  (None, 128, 128, 3)
np.shape(fft) =  (None, 128, 128, 6)
Model: "model_2"
__________________________________________________________________________________________________
Layer (type)                    Output Shape         Param #     Connected to                     
==================================================================================================
input_1 (InputLayer)            [(None, 128, 128, 3) 0                                            
__________________________________________________________________________________________________
white_normfft3d (Lambda)        (None, 128, 128, 3)  0           input_1[0][0]                    
__________________________________________________________________________________________________
white_normdct (Lambda)          (None, 128, 128, 3)  0           input_1[0][0]                    
__________________________________________________________________________________________________
fft (Lambda)                    ((None, 128, 128, 3) 0           white_normfft3d[0][0]            
__________________________________________________________________________________________________
dct (Lambda)                    (None, 128, 128, 3)  0           white_normdct[0][0]              
__________________________________________________________________________________________________
tf.concat (TFOpLambda)          (None, 128, 128, 6)  0           fft[0][0]                        
                                                                 fft[0][1]                        
__________________________________________________________________________________________________
conv2d (Conv2D)                 (None, 126, 126, 32) 864         dct[0][0]                        
__________________________________________________________________________________________________
conv2d_1 (Conv2D)               (None, 126, 126, 32) 1728        tf.concat[0][0]                  
__________________________________________________________________________________________________
batch_normalization (BatchNorma (None, 126, 126, 32) 128         conv2d[0][0]                     
__________________________________________________________________________________________________
batch_normalization_4 (BatchNor (None, 126, 126, 32) 128         conv2d_1[0][0]                   
__________________________________________________________________________________________________
activation (Activation)         (None, 126, 126, 32) 0           batch_normalization[0][0]        
__________________________________________________________________________________________________
activation_4 (Activation)       (None, 126, 126, 32) 0           batch_normalization_4[0][0]      
__________________________________________________________________________________________________
average_pooling2d (AveragePooli (None, 63, 63, 32)   0           activation[0][0]                 
__________________________________________________________________________________________________
average_pooling2d_3 (AveragePoo (None, 63, 63, 32)   0           activation_4[0][0]               
__________________________________________________________________________________________________
global_average_pooling2d (Globa (None, 32)           0           average_pooling2d[0][0]          
__________________________________________________________________________________________________
global_average_pooling2d_5 (Glo (None, 32)           0           average_pooling2d_3[0][0]        
__________________________________________________________________________________________________
dense (Dense)                   (None, 16)           528         global_average_pooling2d[0][0]   
__________________________________________________________________________________________________
dense_11 (Dense)                (None, 16)           528         global_average_pooling2d_5[0][0] 
__________________________________________________________________________________________________
dense_1 (Dense)                 (None, 32)           544         dense[0][0]                      
__________________________________________________________________________________________________
dense_12 (Dense)                (None, 32)           544         dense_11[0][0]                   
__________________________________________________________________________________________________
multiply (Multiply)             (None, 63, 63, 32)   0           dense_1[0][0]                    
                                                                 average_pooling2d[0][0]          
__________________________________________________________________________________________________
multiply_5 (Multiply)           (None, 63, 63, 32)   0           dense_12[0][0]                   
                                                                 average_pooling2d_3[0][0]        
__________________________________________________________________________________________________
conv2_dct (Conv2D)              (None, 61, 61, 32)   9248        multiply[0][0]                   
__________________________________________________________________________________________________
conv2_fft3d (Conv2D)            (None, 61, 61, 32)   9248        multiply_5[0][0]                 
__________________________________________________________________________________________________
batch_normalization_1 (BatchNor (None, 61, 61, 32)   128         conv2_dct[0][0]                  
__________________________________________________________________________________________________
batch_normalization_5 (BatchNor (None, 61, 61, 32)   128         conv2_fft3d[0][0]                
__________________________________________________________________________________________________
activation_1 (Activation)       (None, 61, 61, 32)   0           batch_normalization_1[0][0]      
__________________________________________________________________________________________________
activation_5 (Activation)       (None, 61, 61, 32)   0           batch_normalization_5[0][0]      
__________________________________________________________________________________________________
average_pooling2d_1 (AveragePoo (None, 30, 30, 32)   0           activation_1[0][0]               
__________________________________________________________________________________________________
average_pooling2d_4 (AveragePoo (None, 30, 30, 32)   0           activation_5[0][0]               
__________________________________________________________________________________________________
global_average_pooling2d_1 (Glo (None, 32)           0           average_pooling2d_1[0][0]        
__________________________________________________________________________________________________
global_average_pooling2d_6 (Glo (None, 32)           0           average_pooling2d_4[0][0]        
__________________________________________________________________________________________________
dense_2 (Dense)                 (None, 16)           528         global_average_pooling2d_1[0][0] 
__________________________________________________________________________________________________
dense_13 (Dense)                (None, 16)           528         global_average_pooling2d_6[0][0] 
__________________________________________________________________________________________________
dense_3 (Dense)                 (None, 32)           544         dense_2[0][0]                    
__________________________________________________________________________________________________
dense_14 (Dense)                (None, 32)           544         dense_13[0][0]                   
__________________________________________________________________________________________________
multiply_1 (Multiply)           (None, 30, 30, 32)   0           dense_3[0][0]                    
                                                                 average_pooling2d_1[0][0]        
__________________________________________________________________________________________________
multiply_6 (Multiply)           (None, 30, 30, 32)   0           dense_14[0][0]                   
                                                                 average_pooling2d_4[0][0]        
__________________________________________________________________________________________________
conv3_dct (Conv2D)              (None, 28, 28, 32)   9248        multiply_1[0][0]                 
__________________________________________________________________________________________________
conv3_fft3d (Conv2D)            (None, 28, 28, 32)   9248        multiply_6[0][0]                 
__________________________________________________________________________________________________
batch_normalization_2 (BatchNor (None, 28, 28, 32)   128         conv3_dct[0][0]                  
__________________________________________________________________________________________________
batch_normalization_6 (BatchNor (None, 28, 28, 32)   128         conv3_fft3d[0][0]                
__________________________________________________________________________________________________
activation_2 (Activation)       (None, 28, 28, 32)   0           batch_normalization_2[0][0]      
__________________________________________________________________________________________________
activation_6 (Activation)       (None, 28, 28, 32)   0           batch_normalization_6[0][0]      
__________________________________________________________________________________________________
average_pooling2d_2 (AveragePoo (None, 14, 14, 32)   0           activation_2[0][0]               
__________________________________________________________________________________________________
average_pooling2d_5 (AveragePoo (None, 14, 14, 32)   0           activation_6[0][0]               
__________________________________________________________________________________________________
global_average_pooling2d_2 (Glo (None, 32)           0           average_pooling2d_2[0][0]        
__________________________________________________________________________________________________
global_average_pooling2d_7 (Glo (None, 32)           0           average_pooling2d_5[0][0]        
__________________________________________________________________________________________________
dense_4 (Dense)                 (None, 16)           528         global_average_pooling2d_2[0][0] 
__________________________________________________________________________________________________
dense_15 (Dense)                (None, 16)           528         global_average_pooling2d_7[0][0] 
__________________________________________________________________________________________________
dense_5 (Dense)                 (None, 32)           544         dense_4[0][0]                    
__________________________________________________________________________________________________
dense_16 (Dense)                (None, 32)           544         dense_15[0][0]                   
__________________________________________________________________________________________________
multiply_2 (Multiply)           (None, 14, 14, 32)   0           dense_5[0][0]                    
                                                                 average_pooling2d_2[0][0]        
__________________________________________________________________________________________________
multiply_7 (Multiply)           (None, 14, 14, 32)   0           dense_16[0][0]                   
                                                                 average_pooling2d_5[0][0]        
__________________________________________________________________________________________________
conv4_dct (Conv2D)              (None, 12, 12, 32)   9216        multiply_2[0][0]                 
__________________________________________________________________________________________________
conv4_fft3d (Conv2D)            (None, 12, 12, 32)   9216        multiply_7[0][0]                 
__________________________________________________________________________________________________
batch_normalization_3 (BatchNor (None, 12, 12, 32)   128         conv4_dct[0][0]                  
__________________________________________________________________________________________________
batch_normalization_7 (BatchNor (None, 12, 12, 32)   128         conv4_fft3d[0][0]                
__________________________________________________________________________________________________
activation_3 (Activation)       (None, 12, 12, 32)   0           batch_normalization_3[0][0]      
__________________________________________________________________________________________________
activation_7 (Activation)       (None, 12, 12, 32)   0           batch_normalization_7[0][0]      
__________________________________________________________________________________________________
global_average_pooling2d_3 (Glo (None, 32)           0           activation_3[0][0]               
__________________________________________________________________________________________________
global_average_pooling2d_8 (Glo (None, 32)           0           activation_7[0][0]               
__________________________________________________________________________________________________
dense_6 (Dense)                 (None, 16)           528         global_average_pooling2d_3[0][0] 
__________________________________________________________________________________________________
dense_17 (Dense)                (None, 16)           528         global_average_pooling2d_8[0][0] 
__________________________________________________________________________________________________
dense_7 (Dense)                 (None, 32)           544         dense_6[0][0]                    
__________________________________________________________________________________________________
dense_18 (Dense)                (None, 32)           544         dense_17[0][0]                   
__________________________________________________________________________________________________
multiply_3 (Multiply)           (None, 12, 12, 32)   0           dense_7[0][0]                    
                                                                 activation_3[0][0]               
__________________________________________________________________________________________________
multiply_8 (Multiply)           (None, 12, 12, 32)   0           dense_18[0][0]                   
                                                                 activation_7[0][0]               
__________________________________________________________________________________________________
conv5_dct (Conv2D)              (None, 12, 12, 32)   1056        multiply_3[0][0]                 
__________________________________________________________________________________________________
conv5_fft3d (Conv2D)            (None, 12, 12, 32)   1056        multiply_8[0][0]                 
__________________________________________________________________________________________________
global_average_pooling2d_4 (Glo (None, 32)           0           conv5_dct[0][0]                  
__________________________________________________________________________________________________
global_average_pooling2d_9 (Glo (None, 32)           0           conv5_fft3d[0][0]                
__________________________________________________________________________________________________
dense_8 (Dense)                 (None, 16)           528         global_average_pooling2d_4[0][0] 
__________________________________________________________________________________________________
dense_19 (Dense)                (None, 16)           528         global_average_pooling2d_9[0][0] 
__________________________________________________________________________________________________
dense_9 (Dense)                 (None, 32)           544         dense_8[0][0]                    
__________________________________________________________________________________________________
dense_20 (Dense)                (None, 32)           544         dense_19[0][0]                   
WARNING:tensorflow:`period` argument is deprecated. Please use `save_freq` to specify the frequency in number of batches seen.
2022-12-14 01:23:15.915845: I tensorflow/compiler/mlir/mlir_graph_optimization_pass.cc:116] None of the MLIR optimization passes are enabled (registered 2)
2022-12-14 01:23:15.916224: I tensorflow/core/platform/profile_utils/cpu_utils.cc:112] CPU Frequency: 1995310000 Hz
2022-12-14 01:23:20.613692: I tensorflow/stream_executor/platform/default/dso_loader.cc:49] Successfully opened dynamic library libcublas.so.10
2022-12-14 01:23:21.560860: I tensorflow/stream_executor/platform/default/dso_loader.cc:49] Successfully opened dynamic library libcufft.so.10
2022-12-14 01:23:21.848390: I tensorflow/stream_executor/platform/default/dso_loader.cc:49] Successfully opened dynamic library libcudnn.so.7
2022-12-14 01:23:22.988922: W tensorflow/stream_executor/gpu/asm_compiler.cc:63] Running ptxas --version returned 256
2022-12-14 01:23:23.155193: W tensorflow/stream_executor/gpu/redzone_allocator.cc:314] Internal: ptxas exited with non-zero error code 256, output: 
Relying on driver to perform ptx compilation. 
Modify $PATH to customize ptxas location.
This message will be only logged once.
__________________________________________________________________________________________________
multiply_4 (Multiply)           (None, 12, 12, 32)   0           dense_9[0][0]                    
                                                                 conv5_dct[0][0]                  
__________________________________________________________________________________________________
multiply_9 (Multiply)           (None, 12, 12, 32)   0           dense_20[0][0]                   
                                                                 conv5_fft3d[0][0]                
__________________________________________________________________________________________________
flatten (Flatten)               (None, 4608)         0           multiply_4[0][0]                 
__________________________________________________________________________________________________
flatten_1 (Flatten)             (None, 4608)         0           multiply_9[0][0]                 
__________________________________________________________________________________________________
dropout (Dropout)               (None, 4608)         0           flatten[0][0]                    
__________________________________________________________________________________________________
dropout_1 (Dropout)             (None, 4608)         0           flatten_1[0][0]                  
__________________________________________________________________________________________________
dense_10 (Dense)                (None, 32)           147488      dropout[0][0]                    
__________________________________________________________________________________________________
dense_21 (Dense)                (None, 32)           147488      dropout_1[0][0]                  
__________________________________________________________________________________________________
concatenate (Concatenate)       (None, 64)           0           dense_10[0][0]                   
                                                                 dense_21[0][0]                   
__________________________________________________________________________________________________
dense_22 (Dense)                (None, 12)           780         concatenate[0][0]                
__________________________________________________________________________________________________
dense_23 (Dense)                (None, 1)            13          dense_22[0][0]                   
==================================================================================================
Total params: 367,641
Trainable params: 367,129
Non-trainable params: 512
__________________________________________________________________________________________________
None
                                                    file spoof
0      /mnt/data/lossless_val_04102022_crops/1/chrome...     1
1      /mnt/data/lossless_val_04102022_crops/1/2d7db3...     1
2      /mnt/data/lossless_val_04102022_crops/1/chroma...     1
3      /mnt/data/lossless_val_04102022_crops/0/c86649...     0
4      /mnt/data/lossless_val_04102022_crops/1/chrome...     1
...                                                  ...   ...
40073  /mnt/data/lossless_val_04102022_crops/1/chrome...     1
40074  /mnt/data/lossless_val_04102022_crops/0/5c2b86...     0
40075  /mnt/data/lossless_val_04102022_crops/0/5c79a2...     0
40076  /mnt/data/lossless_val_04102022_crops/1/firefo...     1
40077  /mnt/data/lossless_val_04102022_crops/1/63559a...     1

[40078 rows x 2 columns]
train_cls_n =  [2785410, 2859310] 2
test_cls_n =  [19998, 20080] 2
Found 5644720 validated image filenames belonging to 2 classes.
Found 40078 validated image filenames belonging to 2 classes.
Epoch 1/10
11289/11289 - 7170s - loss: 0.1431 - accuracy: 0.9409 - val_loss: 0.1562 - val_accuracy: 0.9307

Epoch 00001: saving model to /home/yandex/igor/julia/dct_bigger_batch_mixed_float16/wn/c3ae-128-epoch:001-val_loss:0.1562-val_accuracy:0.9307.h5
Epoch 2/10
11289/11289 - 7150s - loss: 0.0924 - accuracy: 0.9629 - val_loss: 0.1484 - val_accuracy: 0.9365

Epoch 00002: saving model to /home/yandex/igor/julia/dct_bigger_batch_mixed_float16/wn/c3ae-128-epoch:002-val_loss:0.1484-val_accuracy:0.9365.h5
Epoch 3/10
11289/11289 - 7131s - loss: nan - accuracy: 0.9670 - val_loss: nan - val_accuracy: 0.4990

Epoch 00003: ReduceLROnPlateau reducing learning rate to 0.0015300000202842056.

Epoch 00003: saving model to /home/yandex/igor/julia/dct_bigger_batch_mixed_float16/wn/c3ae-128-epoch:003-val_loss:nan-val_accuracy:0.4990.h5
Epoch 4/10
11289/11289 - 7025s - loss: nan - accuracy: 0.6693 - val_loss: nan - val_accuracy: 0.4990

Epoch 00004: ReduceLROnPlateau reducing learning rate to 0.0013770000077784061.

Epoch 00004: saving model to /home/yandex/igor/julia/dct_bigger_batch_mixed_float16/wn/c3ae-128-epoch:004-val_loss:nan-val_accuracy:0.4990.h5
Epoch 5/10
11289/11289 - 6992s - loss: nan - accuracy: 0.5041 - val_loss: nan - val_accuracy: 0.4990
