2022-12-19 05:55:14.100143: I tensorflow/stream_executor/platform/default/dso_loader.cc:49] Successfully opened dynamic library libcudart.so.10.1
2022-12-19 05:55:37.098392: I tensorflow/compiler/jit/xla_cpu_device.cc:41] Not creating XLA devices, tf_xla_enable_xla_devices not set
2022-12-19 05:55:37.134831: I tensorflow/stream_executor/platform/default/dso_loader.cc:49] Successfully opened dynamic library libcuda.so.1
2022-12-19 05:55:37.289015: I tensorflow/core/common_runtime/gpu/gpu_device.cc:1720] Found device 0 with properties: 
pciBusID: 0000:8b:00.0 name: Tesla T4 computeCapability: 7.5
coreClock: 1.59GHz coreCount: 40 deviceMemorySize: 14.56GiB deviceMemoryBandwidth: 298.08GiB/s
2022-12-19 05:55:37.289078: I tensorflow/stream_executor/platform/default/dso_loader.cc:49] Successfully opened dynamic library libcudart.so.10.1
2022-12-19 05:55:37.373551: I tensorflow/stream_executor/platform/default/dso_loader.cc:49] Successfully opened dynamic library libcublas.so.10
2022-12-19 05:55:37.373680: I tensorflow/stream_executor/platform/default/dso_loader.cc:49] Successfully opened dynamic library libcublasLt.so.10
2022-12-19 05:55:37.697114: I tensorflow/stream_executor/platform/default/dso_loader.cc:49] Successfully opened dynamic library libcufft.so.10
2022-12-19 05:55:37.752101: I tensorflow/stream_executor/platform/default/dso_loader.cc:49] Successfully opened dynamic library libcurand.so.10
2022-12-19 05:55:37.897593: I tensorflow/stream_executor/platform/default/dso_loader.cc:49] Successfully opened dynamic library libcusolver.so.10
2022-12-19 05:55:37.984086: I tensorflow/stream_executor/platform/default/dso_loader.cc:49] Successfully opened dynamic library libcusparse.so.10
2022-12-19 05:55:38.268755: I tensorflow/stream_executor/platform/default/dso_loader.cc:49] Successfully opened dynamic library libcudnn.so.7
2022-12-19 05:55:38.274017: I tensorflow/core/common_runtime/gpu/gpu_device.cc:1862] Adding visible gpu devices: 0
Traceback (most recent call last):
  File "train_dct.py", line 328, in <module>
    model = get_model(wght_pth)
  File "train_dct.py", line 307, in get_model
    return tf.keras.models.load_model(wght_pth)
  File "/home/yandex/anaconda3/envs/cntr/lib/python3.8/site-packages/tensorflow/python/keras/saving/save.py", line 206, in load_model
    return hdf5_format.load_model_from_hdf5(filepath, custom_objects,
  File "/home/yandex/anaconda3/envs/cntr/lib/python3.8/site-packages/tensorflow/python/keras/saving/hdf5_format.py", line 183, in load_model_from_hdf5
    model = model_config_lib.model_from_config(model_config,
  File "/home/yandex/anaconda3/envs/cntr/lib/python3.8/site-packages/tensorflow/python/keras/saving/model_config.py", line 64, in model_from_config
    return deserialize(config, custom_objects=custom_objects)
  File "/home/yandex/anaconda3/envs/cntr/lib/python3.8/site-packages/tensorflow/python/keras/layers/serialization.py", line 173, in deserialize
    return generic_utils.deserialize_keras_object(
  File "/home/yandex/anaconda3/envs/cntr/lib/python3.8/site-packages/tensorflow/python/keras/utils/generic_utils.py", line 346, in deserialize_keras_object
    (cls, cls_config) = class_and_config_for_serialized_keras_object(
  File "/home/yandex/anaconda3/envs/cntr/lib/python3.8/site-packages/tensorflow/python/keras/utils/generic_utils.py", line 296, in class_and_config_for_serialized_keras_object
    raise ValueError('Unknown ' + printable_module_name + ': ' + class_name)
ValueError: Unknown layer: CustomTrainStep
2022-12-19 05:58:32.525174: I tensorflow/stream_executor/platform/default/dso_loader.cc:49] Successfully opened dynamic library libcudart.so.10.1
2022-12-19 05:58:33.634643: I tensorflow/compiler/jit/xla_cpu_device.cc:41] Not creating XLA devices, tf_xla_enable_xla_devices not set
2022-12-19 05:58:33.635520: I tensorflow/stream_executor/platform/default/dso_loader.cc:49] Successfully opened dynamic library libcuda.so.1
2022-12-19 05:58:33.781850: I tensorflow/core/common_runtime/gpu/gpu_device.cc:1720] Found device 0 with properties: 
pciBusID: 0000:8b:00.0 name: Tesla T4 computeCapability: 7.5
coreClock: 1.59GHz coreCount: 40 deviceMemorySize: 14.56GiB deviceMemoryBandwidth: 298.08GiB/s
2022-12-19 05:58:33.781919: I tensorflow/stream_executor/platform/default/dso_loader.cc:49] Successfully opened dynamic library libcudart.so.10.1
2022-12-19 05:58:33.783834: I tensorflow/stream_executor/platform/default/dso_loader.cc:49] Successfully opened dynamic library libcublas.so.10
2022-12-19 05:58:33.783924: I tensorflow/stream_executor/platform/default/dso_loader.cc:49] Successfully opened dynamic library libcublasLt.so.10
2022-12-19 05:58:33.785542: I tensorflow/stream_executor/platform/default/dso_loader.cc:49] Successfully opened dynamic library libcufft.so.10
2022-12-19 05:58:33.785873: I tensorflow/stream_executor/platform/default/dso_loader.cc:49] Successfully opened dynamic library libcurand.so.10
2022-12-19 05:58:33.787728: I tensorflow/stream_executor/platform/default/dso_loader.cc:49] Successfully opened dynamic library libcusolver.so.10
2022-12-19 05:58:33.788676: I tensorflow/stream_executor/platform/default/dso_loader.cc:49] Successfully opened dynamic library libcusparse.so.10
2022-12-19 05:58:33.792490: I tensorflow/stream_executor/platform/default/dso_loader.cc:49] Successfully opened dynamic library libcudnn.so.7
2022-12-19 05:58:33.797399: I tensorflow/core/common_runtime/gpu/gpu_device.cc:1862] Adding visible gpu devices: 0
2022-12-19 05:58:33.960319: I tensorflow/core/platform/cpu_feature_guard.cc:142] This TensorFlow binary is optimized with oneAPI Deep Neural Network Library (oneDNN) to use the following CPU instructions in performance-critical operations:  SSE4.1 SSE4.2 AVX AVX2 AVX512F FMA
To enable them in other operations, rebuild TensorFlow with the appropriate compiler flags.
2022-12-19 05:58:33.963495: I tensorflow/compiler/jit/xla_gpu_device.cc:99] Not creating XLA devices, tf_xla_enable_xla_devices not set
2022-12-19 05:58:33.966300: I tensorflow/core/common_runtime/gpu/gpu_device.cc:1720] Found device 0 with properties: 
pciBusID: 0000:8b:00.0 name: Tesla T4 computeCapability: 7.5
coreClock: 1.59GHz coreCount: 40 deviceMemorySize: 14.56GiB deviceMemoryBandwidth: 298.08GiB/s
2022-12-19 05:58:33.966341: I tensorflow/stream_executor/platform/default/dso_loader.cc:49] Successfully opened dynamic library libcudart.so.10.1
2022-12-19 05:58:33.966383: I tensorflow/stream_executor/platform/default/dso_loader.cc:49] Successfully opened dynamic library libcublas.so.10
2022-12-19 05:58:33.966394: I tensorflow/stream_executor/platform/default/dso_loader.cc:49] Successfully opened dynamic library libcublasLt.so.10
2022-12-19 05:58:33.966403: I tensorflow/stream_executor/platform/default/dso_loader.cc:49] Successfully opened dynamic library libcufft.so.10
2022-12-19 05:58:33.966413: I tensorflow/stream_executor/platform/default/dso_loader.cc:49] Successfully opened dynamic library libcurand.so.10
2022-12-19 05:58:33.966422: I tensorflow/stream_executor/platform/default/dso_loader.cc:49] Successfully opened dynamic library libcusolver.so.10
2022-12-19 05:58:33.966432: I tensorflow/stream_executor/platform/default/dso_loader.cc:49] Successfully opened dynamic library libcusparse.so.10
2022-12-19 05:58:33.966441: I tensorflow/stream_executor/platform/default/dso_loader.cc:49] Successfully opened dynamic library libcudnn.so.7
2022-12-19 05:58:33.971175: I tensorflow/core/common_runtime/gpu/gpu_device.cc:1862] Adding visible gpu devices: 0
2022-12-19 05:58:33.986288: I tensorflow/stream_executor/platform/default/dso_loader.cc:49] Successfully opened dynamic library libcudart.so.10.1
2022-12-19 05:58:46.404639: I tensorflow/core/common_runtime/gpu/gpu_device.cc:1261] Device interconnect StreamExecutor with strength 1 edge matrix:
2022-12-19 05:58:46.404703: I tensorflow/core/common_runtime/gpu/gpu_device.cc:1267]      0 
2022-12-19 05:58:46.404710: I tensorflow/core/common_runtime/gpu/gpu_device.cc:1280] 0:   N 
2022-12-19 05:58:46.415224: I tensorflow/core/common_runtime/gpu/gpu_device.cc:1406] Created TensorFlow device (/job:localhost/replica:0/task:0/device:GPU:0 with 13784 MB memory) -> physical GPU (device: 0, name: Tesla T4, pci bus id: 0000:8b:00.0, compute capability: 7.5)
Model: "custom_train_step"
__________________________________________________________________________________________________
Layer (type)                    Output Shape         Param #     Connected to                     
==================================================================================================
input_1 (InputLayer)            [(None, 128, 128, 3) 0                                            
__________________________________________________________________________________________________
white_normfft3d (Lambda)        (None, 128, 128, 3)  0           input_1[0][0]                    
__________________________________________________________________________________________________
white_normdct (Lambda)          (None, 128, 128, 3)  0           input_1[0][0]                    
__________________________________________________________________________________________________
fft (Lambda)                    ((None, 128, 128, 3) 0           white_normfft3d[0][0]            
__________________________________________________________________________________________________
dct (Lambda)                    (None, 128, 128, 3)  0           white_normdct[0][0]              
__________________________________________________________________________________________________
tf.concat (TFOpLambda)          (None, 128, 128, 6)  0           fft[0][0]                        
                                                                 fft[0][1]                        
__________________________________________________________________________________________________
conv2d (Conv2D)                 (None, 126, 126, 32) 864         dct[0][0]                        
__________________________________________________________________________________________________
conv2d_1 (Conv2D)               (None, 126, 126, 32) 1728        tf.concat[0][0]                  
__________________________________________________________________________________________________
batch_normalization (BatchNorma (None, 126, 126, 32) 128         conv2d[0][0]                     
__________________________________________________________________________________________________
batch_normalization_4 (BatchNor (None, 126, 126, 32) 128         conv2d_1[0][0]                   
__________________________________________________________________________________________________
activation (Activation)         (None, 126, 126, 32) 0           batch_normalization[0][0]        
__________________________________________________________________________________________________
activation_4 (Activation)       (None, 126, 126, 32) 0           batch_normalization_4[0][0]      
__________________________________________________________________________________________________
average_pooling2d (AveragePooli (None, 63, 63, 32)   0           activation[0][0]                 
__________________________________________________________________________________________________
average_pooling2d_3 (AveragePoo (None, 63, 63, 32)   0           activation_4[0][0]               
__________________________________________________________________________________________________
global_average_pooling2d (Globa (None, 32)           0           average_pooling2d[0][0]          
__________________________________________________________________________________________________
global_average_pooling2d_5 (Glo (None, 32)           0           average_pooling2d_3[0][0]        
__________________________________________________________________________________________________
dense (Dense)                   (None, 16)           528         global_average_pooling2d[0][0]   
__________________________________________________________________________________________________
dense_11 (Dense)                (None, 16)           528         global_average_pooling2d_5[0][0] 
__________________________________________________________________________________________________
dense_1 (Dense)                 (None, 32)           544         dense[0][0]                      
__________________________________________________________________________________________________
dense_12 (Dense)                (None, 32)           544         dense_11[0][0]                   
__________________________________________________________________________________________________
multiply (Multiply)             (None, 63, 63, 32)   0           dense_1[0][0]                    
                                                                 average_pooling2d[0][0]          
__________________________________________________________________________________________________
multiply_5 (Multiply)           (None, 63, 63, 32)   0           dense_12[0][0]                   
                                                                 average_pooling2d_3[0][0]        
__________________________________________________________________________________________________
conv2_dct (Conv2D)              (None, 61, 61, 32)   9248        multiply[0][0]                   
__________________________________________________________________________________________________
conv2_fft3d (Conv2D)            (None, 61, 61, 32)   9248        multiply_5[0][0]                 
__________________________________________________________________________________________________
batch_normalization_1 (BatchNor (None, 61, 61, 32)   128         conv2_dct[0][0]                  
__________________________________________________________________________________________________
batch_normalization_5 (BatchNor (None, 61, 61, 32)   128         conv2_fft3d[0][0]                
__________________________________________________________________________________________________
activation_1 (Activation)       (None, 61, 61, 32)   0           batch_normalization_1[0][0]      
__________________________________________________________________________________________________
activation_5 (Activation)       (None, 61, 61, 32)   0           batch_normalization_5[0][0]      
__________________________________________________________________________________________________
average_pooling2d_1 (AveragePoo (None, 30, 30, 32)   0           activation_1[0][0]               
__________________________________________________________________________________________________
average_pooling2d_4 (AveragePoo (None, 30, 30, 32)   0           activation_5[0][0]               
__________________________________________________________________________________________________
global_average_pooling2d_1 (Glo (None, 32)           0           average_pooling2d_1[0][0]        
__________________________________________________________________________________________________
global_average_pooling2d_6 (Glo (None, 32)           0           average_pooling2d_4[0][0]        
__________________________________________________________________________________________________
dense_2 (Dense)                 (None, 16)           528         global_average_pooling2d_1[0][0] 
__________________________________________________________________________________________________
dense_13 (Dense)                (None, 16)           528         global_average_pooling2d_6[0][0] 
__________________________________________________________________________________________________
dense_3 (Dense)                 (None, 32)           544         dense_2[0][0]                    
__________________________________________________________________________________________________
dense_14 (Dense)                (None, 32)           544         dense_13[0][0]                   
__________________________________________________________________________________________________
multiply_1 (Multiply)           (None, 30, 30, 32)   0           dense_3[0][0]                    
                                                                 average_pooling2d_1[0][0]        
__________________________________________________________________________________________________
multiply_6 (Multiply)           (None, 30, 30, 32)   0           dense_14[0][0]                   
                                                                 average_pooling2d_4[0][0]        
__________________________________________________________________________________________________
conv3_dct (Conv2D)              (None, 28, 28, 32)   9248        multiply_1[0][0]                 
__________________________________________________________________________________________________
conv3_fft3d (Conv2D)            (None, 28, 28, 32)   9248        multiply_6[0][0]                 
__________________________________________________________________________________________________
batch_normalization_2 (BatchNor (None, 28, 28, 32)   128         conv3_dct[0][0]                  
__________________________________________________________________________________________________
batch_normalization_6 (BatchNor (None, 28, 28, 32)   128         conv3_fft3d[0][0]                
__________________________________________________________________________________________________
activation_2 (Activation)       (None, 28, 28, 32)   0           batch_normalization_2[0][0]      
__________________________________________________________________________________________________
activation_6 (Activation)       (None, 28, 28, 32)   0           batch_normalization_6[0][0]      
__________________________________________________________________________________________________
average_pooling2d_2 (AveragePoo (None, 14, 14, 32)   0           activation_2[0][0]               
__________________________________________________________________________________________________
average_pooling2d_5 (AveragePoo (None, 14, 14, 32)   0           activation_6[0][0]               
__________________________________________________________________________________________________
global_average_pooling2d_2 (Glo (None, 32)           0           average_pooling2d_2[0][0]        
__________________________________________________________________________________________________
global_average_pooling2d_7 (Glo (None, 32)           0           average_pooling2d_5[0][0]        
__________________________________________________________________________________________________
dense_4 (Dense)                 (None, 16)           528         global_average_pooling2d_2[0][0] 
__________________________________________________________________________________________________
dense_15 (Dense)                (None, 16)           528         global_average_pooling2d_7[0][0] 
__________________________________________________________________________________________________
dense_5 (Dense)                 (None, 32)           544         dense_4[0][0]                    
__________________________________________________________________________________________________
dense_16 (Dense)                (None, 32)           544         dense_15[0][0]                   
__________________________________________________________________________________________________
multiply_2 (Multiply)           (None, 14, 14, 32)   0           dense_5[0][0]                    
                                                                 average_pooling2d_2[0][0]        
__________________________________________________________________________________________________
multiply_7 (Multiply)           (None, 14, 14, 32)   0           dense_16[0][0]                   
                                                                 average_pooling2d_5[0][0]        
__________________________________________________________________________________________________
conv4_dct (Conv2D)              (None, 12, 12, 32)   9216        multiply_2[0][0]                 
__________________________________________________________________________________________________
conv4_fft3d (Conv2D)            (None, 12, 12, 32)   9216        multiply_7[0][0]                 
__________________________________________________________________________________________________
batch_normalization_3 (BatchNor (None, 12, 12, 32)   128         conv4_dct[0][0]                  
__________________________________________________________________________________________________
batch_normalization_7 (BatchNor (None, 12, 12, 32)   128         conv4_fft3d[0][0]                
__________________________________________________________________________________________________
activation_3 (Activation)       (None, 12, 12, 32)   0           batch_normalization_3[0][0]      
__________________________________________________________________________________________________
activation_7 (Activation)       (None, 12, 12, 32)   0           batch_normalization_7[0][0]      
__________________________________________________________________________________________________
global_average_pooling2d_3 (Glo (None, 32)           0           activation_3[0][0]               
__________________________________________________________________________________________________
global_average_pooling2d_8 (Glo (None, 32)           0           activation_7[0][0]               
__________________________________________________________________________________________________
dense_6 (Dense)                 (None, 16)           528         global_average_pooling2d_3[0][0] 
__________________________________________________________________________________________________
dense_17 (Dense)                (None, 16)           528         global_average_pooling2d_8[0][0] 
__________________________________________________________________________________________________
dense_7 (Dense)                 (None, 32)           544         dense_6[0][0]                    
__________________________________________________________________________________________________
dense_18 (Dense)                (None, 32)           544         dense_17[0][0]                   
__________________________________________________________________________________________________
multiply_3 (Multiply)           (None, 12, 12, 32)   0           dense_7[0][0]                    
                                                                 activation_3[0][0]               
__________________________________________________________________________________________________
multiply_8 (Multiply)           (None, 12, 12, 32)   0           dense_18[0][0]                   
                                                                 activation_7[0][0]               
__________________________________________________________________________________________________
conv5_dct (Conv2D)              (None, 12, 12, 32)   1056        multiply_3[0][0]                 
__________________________________________________________________________________________________
conv5_fft3d (Conv2D)            (None, 12, 12, 32)   1056        multiply_8[0][0]                 
__________________________________________________________________________________________________
global_average_pooling2d_4 (Glo (None, 32)           0           conv5_dct[0][0]                  
__________________________________________________________________________________________________
global_average_pooling2d_9 (Glo (None, 32)           0           conv5_fft3d[0][0]                
__________________________________________________________________________________________________
dense_8 (Dense)                 (None, 16)           528         global_average_pooling2d_4[0][0] 
__________________________________________________________________________________________________
dense_19 (Dense)                (None, 16)           528         global_average_pooling2d_9[0][0] 
__________________________________________________________________________________________________
dense_9 (Dense)                 (None, 32)           544         dense_8[0][0]                    
__________________________________________________________________________________________________
dense_20 (Dense)                (None, 32)           544         dense_19[0][0]                   
__________________________________________________________________________________________________
WARNING:tensorflow:`period` argument is deprecated. Please use `save_freq` to specify the frequency in number of batches seen.
2022-12-19 05:59:28.725488: I tensorflow/compiler/mlir/mlir_graph_optimization_pass.cc:116] None of the MLIR optimization passes are enabled (registered 2)
2022-12-19 05:59:28.738152: I tensorflow/core/platform/profile_utils/cpu_utils.cc:112] CPU Frequency: 1995310000 Hz
2022-12-19 05:59:33.504906: I tensorflow/stream_executor/platform/default/dso_loader.cc:49] Successfully opened dynamic library libcublas.so.10
2022-12-19 05:59:37.193255: I tensorflow/stream_executor/platform/default/dso_loader.cc:49] Successfully opened dynamic library libcufft.so.10
2022-12-19 05:59:38.982561: I tensorflow/stream_executor/platform/default/dso_loader.cc:49] Successfully opened dynamic library libcudnn.so.7
2022-12-19 05:59:51.544868: W tensorflow/stream_executor/gpu/asm_compiler.cc:63] Running ptxas --version returned 256
2022-12-19 05:59:51.697908: W tensorflow/stream_executor/gpu/redzone_allocator.cc:314] Internal: ptxas exited with non-zero error code 256, output: 
Relying on driver to perform ptx compilation. 
Modify $PATH to customize ptxas location.
This message will be only logged once.
multiply_4 (Multiply)           (None, 12, 12, 32)   0           dense_9[0][0]                    
                                                                 conv5_dct[0][0]                  
__________________________________________________________________________________________________
multiply_9 (Multiply)           (None, 12, 12, 32)   0           dense_20[0][0]                   
                                                                 conv5_fft3d[0][0]                
__________________________________________________________________________________________________
flatten (Flatten)               (None, 4608)         0           multiply_4[0][0]                 
__________________________________________________________________________________________________
flatten_1 (Flatten)             (None, 4608)         0           multiply_9[0][0]                 
__________________________________________________________________________________________________
dropout (Dropout)               (None, 4608)         0           flatten[0][0]                    
__________________________________________________________________________________________________
dropout_1 (Dropout)             (None, 4608)         0           flatten_1[0][0]                  
__________________________________________________________________________________________________
dense_10 (Dense)                (None, 32)           147488      dropout[0][0]                    
__________________________________________________________________________________________________
dense_21 (Dense)                (None, 32)           147488      dropout_1[0][0]                  
__________________________________________________________________________________________________
concatenate (Concatenate)       (None, 64)           0           dense_10[0][0]                   
                                                                 dense_21[0][0]                   
__________________________________________________________________________________________________
dense_22 (Dense)                (None, 12)           780         concatenate[0][0]                
__________________________________________________________________________________________________
dense_23 (Dense)                (None, 1)            13          dense_22[0][0]                   
==================================================================================================
Total params: 367,641
Trainable params: 367,129
Non-trainable params: 512
__________________________________________________________________________________________________
None
                                                    file spoof
0      /mnt/data/lossless_val_04102022_crops/1/chrome...     1
1      /mnt/data/lossless_val_04102022_crops/1/2d7db3...     1
2      /mnt/data/lossless_val_04102022_crops/1/chroma...     1
3      /mnt/data/lossless_val_04102022_crops/0/c86649...     0
4      /mnt/data/lossless_val_04102022_crops/1/chrome...     1
...                                                  ...   ...
40073  /mnt/data/lossless_val_04102022_crops/1/chrome...     1
40074  /mnt/data/lossless_val_04102022_crops/0/5c2b86...     0
40075  /mnt/data/lossless_val_04102022_crops/0/5c79a2...     0
40076  /mnt/data/lossless_val_04102022_crops/1/firefo...     1
40077  /mnt/data/lossless_val_04102022_crops/1/63559a...     1

[40078 rows x 2 columns]
train_cls_n =  [2785410, 2859310] 2
test_cls_n =  [19998, 20080] 2
Found 5644720 validated image filenames belonging to 2 classes.
Found 40078 validated image filenames belonging to 2 classes.
Epoch 16/30
11290/11290 - 7564s - loss: 0.1856 - accuracy: 0.9226 - val_loss: 0.3424 - val_accuracy: 0.8819

Epoch 00016: saving model to /home/yandex/igor/julia/dct_grad_accum/c3ae-128-epoch:016-val_loss:0.3424-val_accuracy:0.8819.h5
Epoch 17/30
11290/11290 - 7466s - loss: 0.1274 - accuracy: 0.9477 - val_loss: 0.1761 - val_accuracy: 0.9213

Epoch 00017: saving model to /home/yandex/igor/julia/dct_grad_accum/c3ae-128-epoch:017-val_loss:0.1761-val_accuracy:0.9213.h5
Epoch 18/30
11290/11290 - 7473s - loss: 0.1066 - accuracy: 0.9569 - val_loss: 0.1551 - val_accuracy: 0.9339

Epoch 00018: saving model to /home/yandex/igor/julia/dct_grad_accum/c3ae-128-epoch:018-val_loss:0.1551-val_accuracy:0.9339.h5
Epoch 19/30
11290/11290 - 7465s - loss: 0.0954 - accuracy: 0.9618 - val_loss: 0.1451 - val_accuracy: 0.9383

Epoch 00019: saving model to /home/yandex/igor/julia/dct_grad_accum/c3ae-128-epoch:019-val_loss:0.1451-val_accuracy:0.9383.h5
Epoch 20/30
11290/11290 - 7463s - loss: 0.0882 - accuracy: 0.9651 - val_loss: 0.1739 - val_accuracy: 0.9296

Epoch 00020: ReduceLROnPlateau reducing learning rate to 0.0002564999886089936.

Epoch 00020: saving model to /home/yandex/igor/julia/dct_grad_accum/c3ae-128-epoch:020-val_loss:0.1739-val_accuracy:0.9296.h5
Epoch 21/30
11290/11290 - 7471s - loss: 0.0820 - accuracy: 0.9677 - val_loss: 0.1359 - val_accuracy: 0.9466

Epoch 00021: saving model to /home/yandex/igor/julia/dct_grad_accum/c3ae-128-epoch:021-val_loss:0.1359-val_accuracy:0.9466.h5
Epoch 22/30
11290/11290 - 7449s - loss: 0.0782 - accuracy: 0.9692 - val_loss: 0.1146 - val_accuracy: 0.9554

Epoch 00022: saving model to /home/yandex/igor/julia/dct_grad_accum/c3ae-128-epoch:022-val_loss:0.1146-val_accuracy:0.9554.h5
Epoch 23/30
11290/11290 - 7428s - loss: 0.0752 - accuracy: 0.9705 - val_loss: 0.1601 - val_accuracy: 0.9385

Epoch 00023: ReduceLROnPlateau reducing learning rate to 0.00023084997665137052.

Epoch 00023: saving model to /home/yandex/igor/julia/dct_grad_accum/c3ae-128-epoch:023-val_loss:0.1601-val_accuracy:0.9385.h5
Epoch 24/30
11290/11290 - 7441s - loss: 0.0721 - accuracy: 0.9718 - val_loss: 0.1069 - val_accuracy: 0.9584

Epoch 00024: saving model to /home/yandex/igor/julia/dct_grad_accum/c3ae-128-epoch:024-val_loss:0.1069-val_accuracy:0.9584.h5
Epoch 25/30
11290/11290 - 7433s - loss: 0.0700 - accuracy: 0.9726 - val_loss: 0.1097 - val_accuracy: 0.9564

Epoch 00025: ReduceLROnPlateau reducing learning rate to 0.00020776498422492296.

Epoch 00025: saving model to /home/yandex/igor/julia/dct_grad_accum/c3ae-128-epoch:025-val_loss:0.1097-val_accuracy:0.9564.h5
Epoch 26/30
11290/11290 - 7426s - loss: 0.0678 - accuracy: 0.9735 - val_loss: 0.1015 - val_accuracy: 0.9617

Epoch 00026: saving model to /home/yandex/igor/julia/dct_grad_accum/c3ae-128-epoch:026-val_loss:0.1015-val_accuracy:0.9617.h5
Epoch 27/30
11290/11290 - 7434s - loss: 0.0663 - accuracy: 0.9741 - val_loss: 0.1882 - val_accuracy: 0.9317

Epoch 00027: ReduceLROnPlateau reducing learning rate to 0.00018698848580243066.

Epoch 00027: saving model to /home/yandex/igor/julia/dct_grad_accum/c3ae-128-epoch:027-val_loss:0.1882-val_accuracy:0.9317.h5
Epoch 28/30
11290/11290 - 7441s - loss: 0.0646 - accuracy: 0.9748 - val_loss: 0.0953 - val_accuracy: 0.9625

Epoch 00028: saving model to /home/yandex/igor/julia/dct_grad_accum/c3ae-128-epoch:028-val_loss:0.0953-val_accuracy:0.9625.h5
Epoch 29/30
11290/11290 - 7439s - loss: 0.0634 - accuracy: 0.9753 - val_loss: 0.1301 - val_accuracy: 0.9489

Epoch 00029: ReduceLROnPlateau reducing learning rate to 0.00016828963853185997.

Epoch 00029: saving model to /home/yandex/igor/julia/dct_grad_accum/c3ae-128-epoch:029-val_loss:0.1301-val_accuracy:0.9489.h5
Epoch 30/30
11290/11290 - 7427s - loss: 0.0620 - accuracy: 0.9759 - val_loss: 0.1040 - val_accuracy: 0.9580

Epoch 00030: ReduceLROnPlateau reducing learning rate to 0.00015146067598834634.

Epoch 00030: saving model to /home/yandex/igor/julia/dct_grad_accum/c3ae-128-epoch:030-val_loss:0.1040-val_accuracy:0.9580.h5
